2020-01-22 15:56:55,927:INFO: Loading the datasets...
2020-01-22 15:56:56,869:INFO: - done.
2020-01-22 15:56:58,844:INFO: Starting training for 10 epoch(s)
2020-01-22 15:56:58,844:INFO: Epoch 1/10
2020-01-22 15:57:05,814:INFO: - Train metrics: accuracy: 1.326 ; loss: 40.012
2020-01-22 15:57:08,372:INFO: - Eval metrics : accuracy: 1.396 ; loss: 41.373
2020-01-22 15:57:08,376:INFO: - Found new best accuracy
2020-01-22 15:57:08,376:INFO: Epoch 2/10
2020-01-22 15:57:15,274:INFO: - Train metrics: accuracy: 0.520 ; loss: 25.861
2020-01-22 15:57:17,814:INFO: - Eval metrics : accuracy: 1.190 ; loss: 35.217
2020-01-22 15:57:17,819:INFO: Epoch 3/10
2020-01-22 15:59:01,162:INFO: Loading the datasets...
2020-01-22 15:59:01,832:INFO: - done.
2020-01-22 15:59:03,298:INFO: Starting training for 10 epoch(s)
2020-01-22 15:59:03,298:INFO: Epoch 1/10
2020-01-22 15:59:05,074:INFO: - Train metrics: accuracy: 0.078 ; loss: 46.248
2020-01-22 15:59:06,411:INFO: - Eval metrics : accuracy: 0.078 ; loss: 46.561
2020-01-22 15:59:06,420:INFO: - Found new best accuracy
2020-01-22 15:59:06,420:INFO: Epoch 2/10
2020-01-22 15:59:46,517:INFO: Loading the datasets...
2020-01-22 15:59:47,185:INFO: - done.
2020-01-22 15:59:48,646:INFO: Starting training for 10 epoch(s)
2020-01-22 15:59:48,647:INFO: Epoch 1/10
2020-01-22 15:59:50,415:INFO: - Train metrics: accuracy: 0.078 ; loss: 46.180
2020-01-22 15:59:51,750:INFO: - Eval metrics : accuracy: 0.078 ; loss: 46.536
2020-01-22 15:59:51,759:INFO: - Found new best accuracy
2020-01-22 15:59:51,759:INFO: Epoch 2/10
2020-01-22 15:59:53,496:INFO: - Train metrics: accuracy: 0.077 ; loss: 45.728
2020-01-22 15:59:54,828:INFO: - Eval metrics : accuracy: 0.078 ; loss: 46.444
2020-01-22 15:59:54,833:INFO: Epoch 3/10
2020-01-22 15:59:56,575:INFO: - Train metrics: accuracy: 0.076 ; loss: 45.167
2020-01-22 15:59:57,920:INFO: - Eval metrics : accuracy: 0.078 ; loss: 46.360
2020-01-22 15:59:57,924:INFO: Epoch 4/10
2020-01-22 15:59:59,677:INFO: - Train metrics: accuracy: 0.076 ; loss: 44.873
2020-01-22 16:00:01,023:INFO: - Eval metrics : accuracy: 0.078 ; loss: 46.236
2020-01-22 16:00:01,028:INFO: Epoch 5/10
2020-01-22 16:06:34,063:INFO: Loading the datasets...
2020-01-22 16:06:34,731:INFO: - done.
2020-01-22 16:06:36,195:INFO: Starting training for 10 epoch(s)
2020-01-22 16:06:36,195:INFO: Epoch 1/10
2020-01-22 16:06:37,950:INFO: - Train metrics: accuracy: 0.078 ; loss: 46.161
2020-01-22 16:07:22,456:INFO: Loading the datasets...
2020-01-22 16:07:23,125:INFO: - done.
2020-01-22 16:07:24,602:INFO: Starting training for 10 epoch(s)
2020-01-22 16:07:24,602:INFO: Epoch 1/10
2020-01-22 16:07:31,668:INFO: - Train metrics: accuracy: 1.324 ; loss: 40.034
2020-01-22 16:15:20,662:INFO: Loading the datasets...
2020-01-22 16:15:21,329:INFO: - done.
2020-01-22 16:15:22,801:INFO: Starting training for 10 epoch(s)
2020-01-22 16:15:22,801:INFO: Epoch 1/10
2020-01-22 16:15:29,660:INFO: - Train metrics: accuracy: 1.320 ; loss: 39.897
2020-01-22 16:16:09,065:INFO: Loading the datasets...
2020-01-22 16:16:10,863:INFO: - done.
2020-01-22 16:16:13,288:INFO: Starting training for 10 epoch(s)
2020-01-22 16:16:13,289:INFO: Epoch 1/10
2020-01-22 16:16:20,054:INFO: - Train metrics: accuracy: 1.317 ; loss: 40.066
2020-01-22 16:17:52,096:INFO: Loading the datasets...
2020-01-22 16:17:55,004:INFO: - done.
2020-01-22 16:18:48,557:INFO: Loading the datasets...
2020-01-22 16:18:49,504:INFO: - done.
2020-01-22 16:18:51,458:INFO: Starting training for 10 epoch(s)
2020-01-22 16:18:51,459:INFO: Epoch 1/10
2020-01-22 16:18:58,429:INFO: - Train metrics: accuracy: 1.324 ; loss: 40.005
2020-01-22 16:19:06,678:INFO: - Eval metrics : accuracy: 1.394 ; loss: 41.317
2020-01-22 16:19:06,691:INFO: - Found new best accuracy
2020-01-22 16:19:06,691:INFO: Epoch 2/10
2020-01-22 16:19:13,678:INFO: - Train metrics: accuracy: 0.514 ; loss: 26.078
2020-01-22 16:19:24,939:INFO: - Eval metrics : accuracy: 1.190 ; loss: 35.210
2020-01-22 16:19:24,945:INFO: Epoch 3/10
2020-01-22 16:19:31,973:INFO: - Train metrics: accuracy: 0.298 ; loss: 21.934
2020-01-22 16:19:42,369:INFO: - Eval metrics : accuracy: 1.170 ; loss: 34.605
2020-01-22 16:19:42,376:INFO: Epoch 4/10
2020-01-22 16:19:49,478:INFO: - Train metrics: accuracy: 0.274 ; loss: 19.555
2020-01-22 16:20:03,489:INFO: - Eval metrics : accuracy: 1.181 ; loss: 34.936
2020-01-22 16:20:03,495:INFO: Epoch 5/10
2020-01-22 16:20:10,408:INFO: - Train metrics: accuracy: 0.177 ; loss: 20.486
2020-01-22 16:20:35,364:INFO: - Eval metrics : accuracy: 1.177 ; loss: 34.809
2020-01-22 16:20:35,370:INFO: Epoch 6/10
2020-01-22 16:20:42,213:INFO: - Train metrics: accuracy: 0.191 ; loss: 19.277
2020-01-22 16:20:53,559:INFO: - Eval metrics : accuracy: 1.181 ; loss: 34.942
2020-01-22 16:20:53,565:INFO: Epoch 7/10
2020-01-22 16:21:00,511:INFO: - Train metrics: accuracy: 0.268 ; loss: 18.645
2020-01-22 16:22:33,977:INFO: Loading the datasets...
2020-01-22 16:22:34,659:INFO: - done.
2020-01-22 16:22:36,127:INFO: Starting training for 10 epoch(s)
2020-01-22 16:22:36,127:INFO: Epoch 1/10
2020-01-22 16:22:43,073:INFO: - Train metrics: accuracy: 1.317 ; loss: 39.848
2020-01-22 16:22:51,139:INFO: - Eval metrics : accuracy: 1.392 ; loss: 41.274
2020-01-22 16:22:51,151:INFO: - Found new best accuracy
2020-01-22 16:22:51,151:INFO: Epoch 2/10
2020-01-22 16:22:58,174:INFO: - Train metrics: accuracy: 0.516 ; loss: 25.871
2020-01-22 16:23:18,232:INFO: - Eval metrics : accuracy: 1.189 ; loss: 35.187
2020-01-22 16:23:18,238:INFO: Epoch 3/10
2020-01-22 16:23:25,148:INFO: - Train metrics: accuracy: 0.301 ; loss: 22.438
