2020-01-23 09:12:21,986:INFO: Loading the datasets...
2020-01-23 09:30:27,102:INFO: Loading the datasets...
2020-01-23 09:30:54,102:INFO: Loading the datasets...
2020-01-23 09:36:52,787:INFO: Loading the datasets...
2020-01-23 09:38:51,485:INFO: Loading the datasets...
2020-01-23 09:39:14,134:INFO: Loading the datasets...
2020-01-23 09:44:53,040:INFO: Loading the datasets...
2020-01-23 09:46:33,734:INFO: Loading the datasets...
2020-01-23 09:46:59,417:INFO: Loading the datasets...
2020-01-23 09:47:17,246:INFO: - done.
2020-01-23 09:47:22,402:INFO: Starting training for 10 epoch(s)
2020-01-23 09:47:22,404:INFO: Epoch 1/10
2020-01-23 09:47:32,780:INFO: - Train metrics: accuracy: 1526.355 ; loss: 32.507
2020-01-23 09:47:35,968:INFO: - Eval metrics : accuracy: 1617.072 ; loss: 35.717
2020-01-23 09:47:35,994:INFO: - Found new best accuracy
2020-01-23 09:47:36,005:INFO: Epoch 2/10
2020-01-23 09:47:46,303:INFO: - Train metrics: accuracy: 757.388 ; loss: 21.295
2020-01-23 09:47:49,726:INFO: - Eval metrics : accuracy: 1560.900 ; loss: 35.173
2020-01-23 09:47:49,759:INFO: Epoch 3/10
2020-01-23 09:47:59,831:INFO: - Train metrics: accuracy: 674.698 ; loss: 19.816
2020-01-23 09:48:03,052:INFO: - Eval metrics : accuracy: 1534.884 ; loss: 34.848
2020-01-23 09:48:03,090:INFO: Epoch 4/10
2020-01-23 09:48:13,138:INFO: - Train metrics: accuracy: 689.270 ; loss: 20.143
2020-01-23 09:48:16,325:INFO: - Eval metrics : accuracy: 1547.887 ; loss: 35.018
2020-01-23 09:48:16,364:INFO: Epoch 5/10
2020-01-23 09:48:26,435:INFO: - Train metrics: accuracy: 611.797 ; loss: 19.160
2020-01-23 09:48:29,707:INFO: - Eval metrics : accuracy: 1562.746 ; loss: 35.205
2020-01-23 09:48:29,747:INFO: Epoch 6/10
2020-01-23 09:48:39,748:INFO: - Train metrics: accuracy: 641.239 ; loss: 19.280
2020-01-23 09:48:42,947:INFO: - Eval metrics : accuracy: 1574.898 ; loss: 35.370
2020-01-23 09:48:42,987:INFO: Epoch 7/10
2020-01-23 09:48:54,057:INFO: - Train metrics: accuracy: 583.414 ; loss: 18.189
2020-01-23 09:48:57,668:INFO: - Eval metrics : accuracy: 1556.344 ; loss: 35.144
2020-01-23 09:48:57,706:INFO: Epoch 8/10
2020-01-23 09:49:07,884:INFO: - Train metrics: accuracy: 636.284 ; loss: 19.473
2020-01-23 09:49:11,188:INFO: - Eval metrics : accuracy: 1582.672 ; loss: 35.490
2020-01-23 09:49:11,227:INFO: Epoch 9/10
2020-01-23 09:49:21,847:INFO: - Train metrics: accuracy: 521.514 ; loss: 17.527
2020-01-23 09:49:25,122:INFO: - Eval metrics : accuracy: 1582.664 ; loss: 35.491
2020-01-23 09:49:25,161:INFO: Epoch 10/10
2020-01-23 09:49:35,208:INFO: - Train metrics: accuracy: 544.728 ; loss: 17.651
2020-01-23 09:49:38,664:INFO: - Eval metrics : accuracy: 1588.598 ; loss: 35.551
2020-01-23 09:52:22,162:INFO: Loading the datasets...
2020-01-23 09:52:46,996:INFO: - done.
2020-01-23 09:52:50,098:INFO: Starting training for 10 epoch(s)
2020-01-23 09:52:50,100:INFO: Epoch 1/10
2020-01-23 09:53:00,720:INFO: - Train metrics: accuracy: 1504.817 ; loss: 32.079
2020-01-23 09:53:03,961:INFO: - Eval metrics : accuracy: 1614.606 ; loss: 35.681
2020-01-23 09:53:04,041:INFO: - Found new best accuracy
2020-01-23 09:53:04,046:INFO: Epoch 2/10
2020-01-23 09:59:25,710:INFO: Loading the datasets...
2020-01-23 09:59:38,939:INFO: - done.
2020-01-23 09:59:44,230:INFO: Starting training for 10 epoch(s)
2020-01-23 09:59:44,233:INFO: Epoch 1/10
2020-01-23 10:01:42,138:INFO: Loading the datasets...
2020-01-23 10:01:53,114:INFO: - done.
2020-01-23 10:01:57,014:INFO: Starting training for 10 epoch(s)
2020-01-23 10:01:57,017:INFO: Epoch 1/10
2020-01-23 10:03:08,721:INFO: Loading the datasets...
2020-01-23 10:03:19,894:INFO: - done.
2020-01-23 10:03:23,255:INFO: Starting training for 10 epoch(s)
2020-01-23 10:03:23,258:INFO: Epoch 1/10
2020-01-23 10:05:09,366:INFO: Loading the datasets...
2020-01-23 10:06:24,396:INFO: Loading the datasets...
2020-01-23 10:09:02,707:INFO: Loading the datasets...
2020-01-23 10:09:12,137:INFO: Loading the datasets...
2020-01-23 10:09:24,009:INFO: - done.
2020-01-23 10:09:28,791:INFO: Starting training for 10 epoch(s)
2020-01-23 10:09:28,794:INFO: Epoch 1/10
2020-01-23 10:10:30,469:INFO: Loading the datasets...
2020-01-23 10:10:41,576:INFO: - done.
2020-01-23 10:10:44,980:INFO: Starting training for 10 epoch(s)
2020-01-23 10:10:44,983:INFO: Epoch 1/10
2020-01-23 10:10:55,481:INFO: - Train metrics: accuracy: 1560.906 ; loss: 32.890
2020-01-23 10:11:06,151:INFO: - Eval metrics : accuracy: 1615.837 ; loss: 35.699
2020-01-23 10:11:06,248:INFO: - Found new best accuracy
2020-01-23 10:11:06,253:INFO: Epoch 2/10
2020-01-23 10:11:16,461:INFO: - Train metrics: accuracy: 773.951 ; loss: 21.253
2020-01-23 10:11:28,091:INFO: - Eval metrics : accuracy: 1559.262 ; loss: 35.150
2020-01-23 10:11:28,149:INFO: Epoch 3/10
2020-01-23 10:11:38,413:INFO: - Train metrics: accuracy: 662.331 ; loss: 19.697
2020-01-23 10:12:30,142:INFO: Loading the datasets...
2020-01-23 10:12:43,142:INFO: - done.
2020-01-23 10:12:48,170:INFO: Starting training for 20 epoch(s)
2020-01-23 10:12:48,173:INFO: Epoch 1/20
2020-01-23 10:12:58,895:INFO: - Train metrics: accuracy: 442.059 ; loss: 14.540
2020-01-23 10:13:02,219:INFO: - Eval metrics : accuracy: 193.063 ; loss: 8.728
2020-01-23 10:13:02,321:INFO: - Found new best accuracy
2020-01-23 10:13:02,330:INFO: Epoch 2/20
2020-01-23 10:13:12,593:INFO: - Train metrics: accuracy: 253.716 ; loss: 11.450
2020-01-23 10:13:15,792:INFO: - Eval metrics : accuracy: 225.846 ; loss: 9.282
2020-01-23 10:13:15,869:INFO: - Found new best accuracy
2020-01-23 10:13:15,869:INFO: Epoch 3/20
2020-01-23 10:13:26,054:INFO: - Train metrics: accuracy: 302.120 ; loss: 11.436
2020-01-23 10:13:29,259:INFO: - Eval metrics : accuracy: 195.046 ; loss: 8.649
2020-01-23 10:13:29,291:INFO: Epoch 4/20
2020-01-23 10:13:39,332:INFO: - Train metrics: accuracy: 237.667 ; loss: 10.154
2020-01-23 10:13:42,537:INFO: - Eval metrics : accuracy: 180.697 ; loss: 8.671
2020-01-23 10:13:42,575:INFO: Epoch 5/20
2020-01-23 10:13:52,896:INFO: - Train metrics: accuracy: 230.885 ; loss: 10.112
2020-01-23 10:13:56,213:INFO: - Eval metrics : accuracy: 202.713 ; loss: 8.641
2020-01-23 10:13:56,249:INFO: Epoch 6/20
2020-01-23 10:14:06,370:INFO: - Train metrics: accuracy: 220.031 ; loss: 9.904
2020-01-23 10:14:09,563:INFO: - Eval metrics : accuracy: 193.515 ; loss: 8.911
2020-01-23 10:14:09,593:INFO: Epoch 7/20
2020-01-23 10:14:19,637:INFO: - Train metrics: accuracy: 192.078 ; loss: 8.882
2020-01-23 10:14:22,790:INFO: - Eval metrics : accuracy: 182.001 ; loss: 8.616
2020-01-23 10:14:22,829:INFO: Epoch 8/20
2020-01-23 10:14:32,902:INFO: - Train metrics: accuracy: 246.714 ; loss: 10.202
2020-01-23 10:14:36,089:INFO: - Eval metrics : accuracy: 186.216 ; loss: 8.777
2020-01-23 10:14:36,129:INFO: Epoch 9/20
2020-01-23 10:14:46,203:INFO: - Train metrics: accuracy: 189.020 ; loss: 8.791
2020-01-23 10:14:49,353:INFO: - Eval metrics : accuracy: 180.935 ; loss: 8.799
2020-01-23 10:14:49,392:INFO: Epoch 10/20
2020-01-23 10:14:59,482:INFO: - Train metrics: accuracy: 211.977 ; loss: 9.433
2020-01-23 10:15:02,664:INFO: - Eval metrics : accuracy: 195.521 ; loss: 8.624
2020-01-23 10:15:02,701:INFO: Epoch 11/20
2020-01-23 10:15:12,765:INFO: - Train metrics: accuracy: 275.414 ; loss: 10.310
2020-01-23 10:15:15,969:INFO: - Eval metrics : accuracy: 213.890 ; loss: 8.750
2020-01-23 10:15:16,009:INFO: Epoch 12/20
2020-01-23 10:15:26,093:INFO: - Train metrics: accuracy: 234.760 ; loss: 9.660
2020-01-23 10:15:29,250:INFO: - Eval metrics : accuracy: 192.360 ; loss: 8.672
2020-01-23 10:15:29,290:INFO: Epoch 13/20
2020-01-23 10:15:39,383:INFO: - Train metrics: accuracy: 217.996 ; loss: 9.331
2020-01-23 10:15:42,582:INFO: - Eval metrics : accuracy: 180.757 ; loss: 8.683
2020-01-23 10:15:42,620:INFO: Epoch 14/20
2020-01-23 10:15:52,704:INFO: - Train metrics: accuracy: 253.689 ; loss: 9.736
2020-01-23 10:15:55,855:INFO: - Eval metrics : accuracy: 200.240 ; loss: 8.677
2020-01-23 10:15:55,895:INFO: Epoch 15/20
2020-01-23 10:16:06,368:INFO: - Train metrics: accuracy: 199.434 ; loss: 8.729
2020-01-23 10:16:09,727:INFO: - Eval metrics : accuracy: 204.587 ; loss: 8.626
2020-01-23 10:16:09,770:INFO: Epoch 16/20
2020-01-23 10:16:20,209:INFO: - Train metrics: accuracy: 185.840 ; loss: 8.238
2020-01-23 10:16:23,568:INFO: - Eval metrics : accuracy: 179.145 ; loss: 8.641
2020-01-23 10:16:23,606:INFO: Epoch 17/20
2020-01-23 10:16:34,039:INFO: - Train metrics: accuracy: 226.493 ; loss: 9.286
2020-01-23 10:16:37,437:INFO: - Eval metrics : accuracy: 182.422 ; loss: 8.631
2020-01-23 10:16:37,477:INFO: Epoch 18/20
2020-01-23 10:16:47,688:INFO: - Train metrics: accuracy: 252.597 ; loss: 9.862
2020-01-23 10:17:24,427:INFO: Loading the datasets...
2020-01-23 10:17:37,871:INFO: - done.
2020-01-23 10:17:43,335:INFO: Starting training for 20 epoch(s)
2020-01-23 10:17:43,339:INFO: Epoch 1/20
2020-01-23 10:17:54,154:INFO: - Train metrics: accuracy: 376.654 ; loss: 13.226
2020-01-23 10:18:06,457:INFO: - Eval metrics : accuracy: 228.109 ; loss: 10.793
2020-01-23 10:18:06,570:INFO: - Found new best accuracy
2020-01-23 10:18:06,576:INFO: Epoch 2/20
2020-01-23 10:18:16,713:INFO: - Train metrics: accuracy: 274.790 ; loss: 11.217
2020-01-23 10:18:28,185:INFO: - Eval metrics : accuracy: 262.434 ; loss: 10.013
2020-01-23 10:18:28,288:INFO: - Found new best accuracy
2020-01-23 10:18:28,291:INFO: Epoch 3/20
2020-01-23 10:18:38,516:INFO: - Train metrics: accuracy: 282.128 ; loss: 11.044
2020-01-23 10:18:50,248:INFO: - Eval metrics : accuracy: 194.047 ; loss: 8.654
2020-01-23 10:18:50,307:INFO: Epoch 4/20
2020-01-23 10:19:00,619:INFO: - Train metrics: accuracy: 204.543 ; loss: 9.339
2020-01-23 10:19:25,719:INFO: - Eval metrics : accuracy: 213.410 ; loss: 8.784
2020-01-23 10:19:25,769:INFO: Epoch 5/20
2020-01-23 10:19:36,010:INFO: - Train metrics: accuracy: 255.719 ; loss: 10.170
2020-01-23 10:19:46,775:INFO: - Eval metrics : accuracy: 184.969 ; loss: 8.938
2020-01-23 10:19:46,833:INFO: Epoch 6/20
2020-01-23 10:19:57,009:INFO: - Train metrics: accuracy: 226.219 ; loss: 9.722
2020-01-23 10:25:41,077:INFO: Loading the datasets...
2020-01-23 10:25:54,660:INFO: - done.
2020-01-23 10:25:59,691:INFO: Starting training for 20 epoch(s)
2020-01-23 10:25:59,694:INFO: Epoch 1/20
2020-01-23 10:26:10,052:INFO: - Train metrics: accuracy: 710.402 ; loss: 710.402
2020-01-23 10:26:13,270:INFO: - Eval metrics : accuracy: 370.048 ; loss: 370.048
2020-01-23 10:26:13,354:INFO: - Found new best accuracy
2020-01-23 10:26:13,362:INFO: Epoch 2/20
2020-01-23 10:26:23,384:INFO: - Train metrics: accuracy: 415.451 ; loss: 415.451
2020-01-23 10:26:26,571:INFO: - Eval metrics : accuracy: 323.503 ; loss: 323.503
2020-01-23 10:26:26,610:INFO: Epoch 3/20
2020-01-23 10:27:06,473:INFO: Loading the datasets...
2020-01-23 10:27:19,816:INFO: - done.
2020-01-23 10:27:26,140:INFO: Starting training for 20 epoch(s)
2020-01-23 10:27:26,144:INFO: Epoch 1/20
2020-01-23 10:29:24,832:INFO: Loading the datasets...
2020-01-23 10:29:36,106:INFO: - done.
2020-01-23 10:29:40,423:INFO: Starting training for 20 epoch(s)
2020-01-23 10:29:40,428:INFO: Epoch 1/20
2020-01-23 10:30:40,413:INFO: Loading the datasets...
2020-01-23 10:30:51,535:INFO: - done.
2020-01-23 10:30:56,189:INFO: Starting training for 20 epoch(s)
2020-01-23 10:30:56,192:INFO: Epoch 1/20
2020-01-23 10:32:04,659:INFO: Loading the datasets...
2020-01-23 10:40:07,233:INFO: Loading the datasets...
2020-01-23 10:40:18,143:INFO: - done.
2020-01-23 10:40:20,926:INFO: Starting training for 20 epoch(s)
2020-01-23 10:40:20,926:INFO: Epoch 1/20
2020-01-23 10:40:38,395:INFO: Loading the datasets...
2020-01-23 10:40:49,262:INFO: - done.
2020-01-23 10:40:50,879:INFO: Starting training for 20 epoch(s)
2020-01-23 10:40:50,879:INFO: Epoch 1/20
2020-01-23 10:41:33,812:INFO: Loading the datasets...
2020-01-23 10:41:44,603:INFO: - done.
2020-01-23 10:41:46,215:INFO: Starting training for 20 epoch(s)
2020-01-23 10:41:46,215:INFO: Epoch 1/20
2020-01-23 10:41:48,284:INFO: - Train metrics: accuracy: 2518.382 ; loss: 46.070
2020-01-23 10:41:49,688:INFO: - Eval metrics : accuracy: 765.148 ; loss: 22.467
2020-01-23 10:41:49,750:INFO: - Found new best accuracy
2020-01-23 10:41:49,759:INFO: Epoch 2/20
2020-01-23 10:41:51,826:INFO: - Train metrics: accuracy: 514.352 ; loss: 17.359
2020-01-23 10:41:53,225:INFO: - Eval metrics : accuracy: 458.190 ; loss: 15.956
2020-01-23 10:41:53,252:INFO: Epoch 3/20
2020-01-23 10:41:55,279:INFO: - Train metrics: accuracy: 450.259 ; loss: 15.879
2020-01-23 10:41:56,675:INFO: - Eval metrics : accuracy: 380.620 ; loss: 14.167
2020-01-23 10:41:56,711:INFO: Epoch 4/20
2020-01-23 10:41:58,755:INFO: - Train metrics: accuracy: 463.172 ; loss: 15.724
2020-01-23 10:42:00,149:INFO: - Eval metrics : accuracy: 599.955 ; loss: 19.700
2020-01-23 10:42:00,187:INFO: Epoch 5/20
2020-01-23 10:42:02,224:INFO: - Train metrics: accuracy: 420.179 ; loss: 15.290
2020-01-23 10:42:03,620:INFO: - Eval metrics : accuracy: 375.922 ; loss: 14.080
2020-01-23 10:42:03,657:INFO: Epoch 6/20
2020-01-23 10:42:05,685:INFO: - Train metrics: accuracy: 410.733 ; loss: 15.022
2020-01-23 10:42:07,089:INFO: - Eval metrics : accuracy: 575.028 ; loss: 19.272
2020-01-23 10:42:07,127:INFO: Epoch 7/20
2020-01-23 10:42:09,169:INFO: - Train metrics: accuracy: 365.126 ; loss: 14.142
2020-01-23 10:42:10,568:INFO: - Eval metrics : accuracy: 479.114 ; loss: 17.098
2020-01-23 10:42:10,607:INFO: Epoch 8/20
2020-01-23 10:42:12,645:INFO: - Train metrics: accuracy: 361.320 ; loss: 14.144
2020-01-23 10:42:14,078:INFO: - Eval metrics : accuracy: 477.604 ; loss: 17.135
2020-01-23 10:42:14,118:INFO: Epoch 9/20
2020-01-23 10:42:16,239:INFO: - Train metrics: accuracy: 292.297 ; loss: 12.037
2020-01-23 10:42:17,677:INFO: - Eval metrics : accuracy: 331.960 ; loss: 13.417
2020-01-23 10:42:17,717:INFO: Epoch 10/20
2020-01-23 10:42:19,906:INFO: - Train metrics: accuracy: 261.089 ; loss: 11.311
2020-01-23 10:42:21,352:INFO: - Eval metrics : accuracy: 293.866 ; loss: 12.126
2020-01-23 10:42:21,392:INFO: Epoch 11/20
2020-01-23 10:42:23,446:INFO: - Train metrics: accuracy: 258.980 ; loss: 10.745
2020-01-23 10:42:24,856:INFO: - Eval metrics : accuracy: 280.129 ; loss: 12.380
2020-01-23 10:42:24,894:INFO: Epoch 12/20
2020-01-23 10:42:26,934:INFO: - Train metrics: accuracy: 255.519 ; loss: 11.176
2020-01-23 10:42:28,337:INFO: - Eval metrics : accuracy: 262.462 ; loss: 11.904
2020-01-23 10:42:28,377:INFO: Epoch 13/20
2020-01-23 10:42:30,428:INFO: - Train metrics: accuracy: 234.922 ; loss: 10.820
2020-01-23 10:42:31,835:INFO: - Eval metrics : accuracy: 223.592 ; loss: 10.415
2020-01-23 10:42:31,875:INFO: Epoch 14/20
2020-01-23 10:42:33,965:INFO: - Train metrics: accuracy: 226.428 ; loss: 10.513
2020-01-23 10:42:35,636:INFO: - Eval metrics : accuracy: 234.551 ; loss: 10.651
2020-01-23 10:42:35,670:INFO: Epoch 15/20
2020-01-23 10:42:37,771:INFO: - Train metrics: accuracy: 237.742 ; loss: 10.989
2020-01-23 10:42:39,227:INFO: - Eval metrics : accuracy: 247.233 ; loss: 10.814
2020-01-23 10:42:39,267:INFO: Epoch 16/20
2020-01-23 10:42:41,389:INFO: - Train metrics: accuracy: 255.976 ; loss: 11.230
2020-01-23 10:42:42,856:INFO: - Eval metrics : accuracy: 259.688 ; loss: 11.099
2020-01-23 10:42:42,895:INFO: Epoch 17/20
2020-01-23 10:42:44,994:INFO: - Train metrics: accuracy: 235.549 ; loss: 10.461
2020-01-23 10:42:46,461:INFO: - Eval metrics : accuracy: 247.776 ; loss: 10.263
2020-01-23 10:42:46,502:INFO: Epoch 18/20
2020-01-23 10:42:48,564:INFO: - Train metrics: accuracy: 232.126 ; loss: 10.023
2020-01-23 10:42:49,971:INFO: - Eval metrics : accuracy: 232.464 ; loss: 10.677
2020-01-23 10:42:50,011:INFO: Epoch 19/20
2020-01-23 10:42:52,096:INFO: - Train metrics: accuracy: 219.081 ; loss: 10.197
2020-01-23 10:42:54,659:INFO: Loading the datasets...
2020-01-23 10:43:05,495:INFO: - done.
2020-01-23 10:43:07,095:INFO: Starting training for 20 epoch(s)
2020-01-23 10:43:07,095:INFO: Epoch 1/20
2020-01-23 10:43:09,157:INFO: - Train metrics: accuracy: 2514.573 ; loss: 46.051
2020-01-23 10:43:10,557:INFO: - Eval metrics : accuracy: 2351.906 ; loss: 44.241
2020-01-23 10:43:10,617:INFO: - Found new best accuracy
2020-01-23 10:43:10,617:INFO: Epoch 2/20
2020-01-23 10:43:12,650:INFO: - Train metrics: accuracy: 2115.813 ; loss: 41.685
2020-01-23 10:43:14,046:INFO: - Eval metrics : accuracy: 734.377 ; loss: 22.202
2020-01-23 10:43:14,084:INFO: Epoch 3/20
2020-01-23 10:43:16,127:INFO: - Train metrics: accuracy: 519.263 ; loss: 17.371
2020-01-23 10:43:17,535:INFO: - Eval metrics : accuracy: 498.810 ; loss: 17.214
2020-01-23 10:43:17,573:INFO: Epoch 4/20
2020-01-23 10:43:19,616:INFO: - Train metrics: accuracy: 424.091 ; loss: 15.182
2020-01-23 10:43:21,045:INFO: - Eval metrics : accuracy: 648.270 ; loss: 20.647
2020-01-23 10:43:21,085:INFO: Epoch 5/20
2020-01-23 10:43:23,161:INFO: - Train metrics: accuracy: 397.272 ; loss: 14.713
2020-01-23 10:43:24,579:INFO: - Eval metrics : accuracy: 506.025 ; loss: 17.478
2020-01-23 10:43:24,620:INFO: Epoch 6/20
2020-01-23 10:43:26,809:INFO: - Train metrics: accuracy: 425.328 ; loss: 15.013
2020-01-23 10:43:28,231:INFO: - Eval metrics : accuracy: 691.096 ; loss: 21.538
2020-01-23 10:43:28,269:INFO: Epoch 7/20
2020-01-23 10:43:30,360:INFO: - Train metrics: accuracy: 379.429 ; loss: 14.425
2020-01-23 10:43:31,788:INFO: - Eval metrics : accuracy: 498.595 ; loss: 17.382
2020-01-23 10:43:31,827:INFO: Epoch 8/20
2020-01-23 10:43:33,869:INFO: - Train metrics: accuracy: 468.552 ; loss: 15.601
2020-01-23 10:43:35,290:INFO: - Eval metrics : accuracy: 614.578 ; loss: 20.082
2020-01-23 10:43:35,330:INFO: Epoch 9/20
2020-01-23 10:43:37,422:INFO: - Train metrics: accuracy: 359.430 ; loss: 13.791
2020-01-23 10:43:38,821:INFO: - Eval metrics : accuracy: 584.383 ; loss: 19.421
2020-01-23 10:43:38,862:INFO: Epoch 10/20
2020-01-23 10:43:41,058:INFO: - Train metrics: accuracy: 332.430 ; loss: 13.334
2020-01-23 10:43:42,660:INFO: - Eval metrics : accuracy: 589.928 ; loss: 19.754
2020-01-23 10:43:42,705:INFO: Epoch 11/20
2020-01-23 10:43:45,016:INFO: - Train metrics: accuracy: 302.775 ; loss: 12.677
2020-01-23 10:43:46,545:INFO: - Eval metrics : accuracy: 367.553 ; loss: 14.286
2020-01-23 10:43:46,587:INFO: Epoch 12/20
2020-01-23 10:43:49,077:INFO: Loading the datasets...
2020-01-23 10:44:00,018:INFO: - done.
2020-01-23 10:44:01,680:INFO: Starting training for 20 epoch(s)
2020-01-23 10:44:01,680:INFO: Epoch 1/20
2020-01-23 10:48:53,752:INFO: Loading the datasets...
2020-01-23 10:49:05,097:INFO: - done.
2020-01-23 10:49:06,718:INFO: Starting training for 20 epoch(s)
2020-01-23 10:49:06,718:INFO: Epoch 1/20
2020-01-23 10:49:08,763:INFO: - Train metrics: accuracy: 274.730 ; loss: 46.063
2020-01-23 10:49:10,147:INFO: - Eval metrics : accuracy: 271.517 ; loss: 45.507
2020-01-23 10:49:10,220:INFO: - Found new best accuracy
2020-01-23 10:49:10,221:INFO: Epoch 2/20
2020-01-23 10:49:12,278:INFO: - Train metrics: accuracy: 260.774 ; loss: 43.738
2020-01-23 10:49:13,677:INFO: - Eval metrics : accuracy: 184.826 ; loss: 29.543
2020-01-23 10:49:13,715:INFO: Epoch 3/20
2020-01-23 10:49:15,766:INFO: - Train metrics: accuracy: 118.184 ; loss: 17.228
2020-01-23 10:49:17,172:INFO: - Eval metrics : accuracy: 211.405 ; loss: 34.486
2020-01-23 10:49:17,213:INFO: Epoch 4/20
2020-01-23 10:49:19,261:INFO: - Train metrics: accuracy: 134.985 ; loss: 20.522
2020-01-23 10:49:20,661:INFO: - Eval metrics : accuracy: 203.252 ; loss: 32.929
2020-01-23 10:49:20,701:INFO: Epoch 5/20
2020-01-23 10:49:22,741:INFO: - Train metrics: accuracy: 128.364 ; loss: 19.236
2020-01-23 10:49:24,120:INFO: - Eval metrics : accuracy: 159.092 ; loss: 24.591
2020-01-23 10:49:24,160:INFO: Epoch 6/20
2020-01-23 10:49:26,172:INFO: - Train metrics: accuracy: 106.837 ; loss: 15.073
2020-01-23 10:49:27,556:INFO: - Eval metrics : accuracy: 170.591 ; loss: 26.863
2020-01-23 10:49:27,594:INFO: Epoch 7/20
2020-01-23 10:49:29,616:INFO: - Train metrics: accuracy: 107.469 ; loss: 15.312
2020-01-23 10:49:30,997:INFO: - Eval metrics : accuracy: 170.707 ; loss: 26.869
2020-01-23 10:49:31,037:INFO: Epoch 8/20
2020-01-23 10:49:33,072:INFO: - Train metrics: accuracy: 107.954 ; loss: 15.488
2020-01-23 10:49:34,459:INFO: - Eval metrics : accuracy: 204.155 ; loss: 33.095
2020-01-23 10:49:34,499:INFO: Epoch 9/20
2020-01-23 10:49:36,519:INFO: - Train metrics: accuracy: 127.189 ; loss: 18.915
2020-01-23 10:49:37,923:INFO: - Eval metrics : accuracy: 146.887 ; loss: 22.382
2020-01-23 10:49:37,962:INFO: Epoch 10/20
2020-01-23 10:49:39,997:INFO: - Train metrics: accuracy: 110.123 ; loss: 15.993
2020-01-23 10:49:41,390:INFO: - Eval metrics : accuracy: 160.321 ; loss: 25.072
2020-01-23 10:49:41,430:INFO: Epoch 11/20
2020-01-23 10:49:43,471:INFO: - Train metrics: accuracy: 106.732 ; loss: 15.301
2020-01-23 10:49:44,873:INFO: - Eval metrics : accuracy: 165.780 ; loss: 25.924
2020-01-23 10:49:44,914:INFO: Epoch 12/20
2020-01-23 10:49:46,961:INFO: - Train metrics: accuracy: 99.249 ; loss: 13.825
2020-01-23 10:49:48,362:INFO: - Eval metrics : accuracy: 158.047 ; loss: 24.654
2020-01-23 10:49:48,402:INFO: Epoch 13/20
2020-01-23 10:49:50,452:INFO: - Train metrics: accuracy: 101.720 ; loss: 14.402
2020-01-23 10:49:51,854:INFO: - Eval metrics : accuracy: 183.518 ; loss: 29.247
2020-01-23 10:49:51,894:INFO: Epoch 14/20
2020-01-23 10:49:53,932:INFO: - Train metrics: accuracy: 107.957 ; loss: 15.342
2020-01-23 10:49:55,332:INFO: - Eval metrics : accuracy: 178.213 ; loss: 28.264
2020-01-23 10:49:55,372:INFO: Epoch 15/20
2020-01-23 10:49:57,405:INFO: - Train metrics: accuracy: 106.048 ; loss: 15.086
2020-01-23 10:49:58,797:INFO: - Eval metrics : accuracy: 184.766 ; loss: 29.457
2020-01-23 10:49:58,836:INFO: Epoch 16/20
2020-01-23 10:50:00,872:INFO: - Train metrics: accuracy: 116.809 ; loss: 16.877
2020-01-23 10:50:02,277:INFO: - Eval metrics : accuracy: 169.600 ; loss: 26.719
2020-01-23 10:50:02,318:INFO: Epoch 17/20
2020-01-23 10:50:04,369:INFO: - Train metrics: accuracy: 99.933 ; loss: 14.201
2020-01-23 10:50:05,789:INFO: - Eval metrics : accuracy: 168.209 ; loss: 26.384
2020-01-23 10:50:05,827:INFO: Epoch 18/20
2020-01-23 10:50:07,847:INFO: - Train metrics: accuracy: 102.474 ; loss: 14.493
2020-01-23 10:50:09,239:INFO: - Eval metrics : accuracy: 165.106 ; loss: 25.812
2020-01-23 10:50:09,279:INFO: Epoch 19/20
2020-01-23 10:50:11,308:INFO: - Train metrics: accuracy: 96.426 ; loss: 13.195
2020-01-23 10:50:12,720:INFO: - Eval metrics : accuracy: 158.659 ; loss: 24.660
2020-01-23 10:50:12,762:INFO: Epoch 20/20
2020-01-23 10:50:14,802:INFO: - Train metrics: accuracy: 97.309 ; loss: 13.605
2020-01-23 10:50:16,193:INFO: - Eval metrics : accuracy: 150.587 ; loss: 23.110
2020-01-23 10:53:16,864:INFO: Loading the datasets...
2020-01-23 10:53:27,612:INFO: - done.
2020-01-23 10:53:29,236:INFO: Starting training for 20 epoch(s)
2020-01-23 10:53:29,236:INFO: Epoch 1/20
2020-01-23 10:57:59,717:INFO: Loading the datasets...
2020-01-23 10:58:10,615:INFO: - done.
2020-01-23 10:58:12,347:INFO: Starting training for 20 epoch(s)
2020-01-23 10:58:12,347:INFO: Epoch 1/20
2020-01-23 10:58:57,435:INFO: Loading the datasets...
2020-01-23 10:59:08,274:INFO: - done.
2020-01-23 10:59:09,889:INFO: Starting training for 20 epoch(s)
2020-01-23 10:59:09,889:INFO: Epoch 1/20
2020-01-23 11:02:47,488:INFO: Loading the datasets...
2020-01-23 11:02:58,264:INFO: - done.
2020-01-23 11:02:59,908:INFO: Starting training for 20 epoch(s)
2020-01-23 11:02:59,908:INFO: Epoch 1/20
2020-01-23 11:04:45,075:INFO: Loading the datasets...
2020-01-23 11:04:55,855:INFO: - done.
2020-01-23 11:04:57,459:INFO: Starting training for 20 epoch(s)
2020-01-23 11:04:57,459:INFO: Epoch 1/20
2020-01-23 11:05:10,017:INFO: Loading the datasets...
2020-01-23 11:05:20,807:INFO: - done.
2020-01-23 11:05:22,415:INFO: Starting training for 20 epoch(s)
2020-01-23 11:05:22,415:INFO: Epoch 1/20
2020-01-23 11:08:43,772:INFO: Loading the datasets...
2020-01-23 11:08:54,619:INFO: - done.
2020-01-23 11:08:56,278:INFO: Starting training for 20 epoch(s)
2020-01-23 11:08:56,279:INFO: Epoch 1/20
2020-01-23 11:11:07,090:INFO: Loading the datasets...
2020-01-23 11:11:17,876:INFO: - done.
2020-01-23 11:11:19,479:INFO: Starting training for 20 epoch(s)
2020-01-23 11:11:19,480:INFO: Epoch 1/20
2020-01-23 11:11:40,040:INFO: Loading the datasets...
2020-01-23 11:11:50,913:INFO: - done.
2020-01-23 11:11:52,508:INFO: Starting training for 20 epoch(s)
2020-01-23 11:11:52,508:INFO: Epoch 1/20
2020-01-23 11:13:18,644:INFO: Loading the datasets...
2020-01-23 11:13:30,107:INFO: - done.
2020-01-23 11:13:31,719:INFO: Starting training for 20 epoch(s)
2020-01-23 11:13:31,719:INFO: Epoch 1/20
2020-01-23 11:14:28,407:INFO: Loading the datasets...
2020-01-23 11:14:39,166:INFO: - done.
2020-01-23 11:14:40,794:INFO: Starting training for 20 epoch(s)
2020-01-23 11:14:40,794:INFO: Epoch 1/20
2020-01-23 11:16:11,571:INFO: Loading the datasets...
2020-01-23 11:16:22,347:INFO: - done.
2020-01-23 11:16:23,964:INFO: Starting training for 20 epoch(s)
2020-01-23 11:16:23,964:INFO: Epoch 1/20
2020-01-23 11:19:06,933:INFO: Loading the datasets...
2020-01-23 11:19:17,766:INFO: - done.
2020-01-23 11:19:20,482:INFO: Starting training for 20 epoch(s)
2020-01-23 11:19:20,486:INFO: Epoch 1/20
2020-01-23 11:24:41,702:INFO: Loading the datasets...
2020-01-23 11:24:54,660:INFO: - done.
2020-01-23 11:24:59,939:INFO: Starting training for 20 epoch(s)
2020-01-23 11:24:59,942:INFO: Epoch 1/20
2020-01-23 11:26:38,880:INFO: Loading the datasets...
2020-01-23 11:26:52,325:INFO: - done.
2020-01-23 11:26:57,532:INFO: Starting training for 20 epoch(s)
2020-01-23 11:26:57,558:INFO: Epoch 1/20
2020-01-23 11:27:16,010:INFO: Loading the datasets...
2020-01-23 11:27:27,158:INFO: - done.
2020-01-23 11:27:30,526:INFO: Starting training for 20 epoch(s)
2020-01-23 11:27:30,528:INFO: Epoch 1/20
2020-01-23 11:28:09,792:INFO: Loading the datasets...
2020-01-23 11:28:23,738:INFO: - done.
2020-01-23 11:28:28,106:INFO: Starting training for 20 epoch(s)
2020-01-23 11:28:28,117:INFO: Epoch 1/20
2020-01-23 11:29:05,383:INFO: Loading the datasets...
2020-01-23 11:29:18,069:INFO: - done.
2020-01-23 11:29:23,447:INFO: Starting training for 20 epoch(s)
2020-01-23 11:29:23,450:INFO: Epoch 1/20
2020-01-23 11:30:17,107:INFO: Loading the datasets...
2020-01-23 11:30:28,413:INFO: - done.
2020-01-23 11:30:32,497:INFO: Starting training for 20 epoch(s)
2020-01-23 11:30:32,502:INFO: Epoch 1/20
2020-01-23 11:31:55,800:INFO: Loading the datasets...
2020-01-23 11:32:08,963:INFO: - done.
2020-01-23 11:32:13,894:INFO: Starting training for 20 epoch(s)
2020-01-23 11:32:13,900:INFO: Epoch 1/20
2020-01-23 11:32:37,221:INFO: Loading the datasets...
2020-01-23 11:32:48,636:INFO: - done.
2020-01-23 11:32:52,002:INFO: Starting training for 20 epoch(s)
2020-01-23 11:32:52,006:INFO: Epoch 1/20
2020-01-23 11:34:24,324:INFO: Loading the datasets...
2020-01-23 11:34:37,033:INFO: - done.
2020-01-23 11:34:42,372:INFO: Starting training for 20 epoch(s)
2020-01-23 11:34:42,376:INFO: Epoch 1/20
2020-01-23 11:35:00,960:INFO: Loading the datasets...
2020-01-23 11:35:13,850:INFO: - done.
2020-01-23 11:35:19,544:INFO: Starting training for 20 epoch(s)
2020-01-23 11:35:19,547:INFO: Epoch 1/20
2020-01-23 11:35:33,071:INFO: Loading the datasets...
2020-01-23 11:35:44,247:INFO: - done.
2020-01-23 11:35:47,449:INFO: Starting training for 20 epoch(s)
2020-01-23 11:35:47,451:INFO: Epoch 1/20
2020-01-23 11:37:10,054:INFO: Loading the datasets...
2020-01-23 11:41:23,482:INFO: Loading the datasets...
2020-01-23 11:41:35,181:INFO: - done.
2020-01-23 11:41:38,205:INFO: Starting training for 20 epoch(s)
2020-01-23 11:41:38,205:INFO: Epoch 1/20
2020-01-23 11:41:54,823:INFO: - Train metrics: accuracy: 18.791 ; loss: 2.278
2020-01-23 11:42:12,300:INFO: Loading the datasets...
2020-01-23 11:42:40,458:INFO: Loading the datasets...
2020-01-23 11:42:51,273:INFO: - done.
2020-01-23 11:42:52,905:INFO: Starting training for 20 epoch(s)
2020-01-23 11:42:52,905:INFO: Epoch 1/20
2020-01-23 11:42:54,990:INFO: - Train metrics: accuracy: 18.813 ; loss: 2.280
2020-01-23 11:42:56,410:INFO: - Eval metrics : accuracy: 0.964 ; loss: 0.016
2020-01-23 11:42:56,491:INFO: - Found new best accuracy
2020-01-23 11:42:56,499:INFO: Epoch 2/20
2020-01-23 11:42:58,572:INFO: - Train metrics: accuracy: 0.918 ; loss: 0.014
2020-01-23 11:42:59,996:INFO: - Eval metrics : accuracy: 0.752 ; loss: 0.009
2020-01-23 11:43:00,033:INFO: Epoch 3/20
2020-01-23 11:43:02,089:INFO: - Train metrics: accuracy: 0.745 ; loss: 0.009
2020-01-23 11:43:03,499:INFO: - Eval metrics : accuracy: 0.750 ; loss: 0.009
2020-01-23 11:43:03,533:INFO: Epoch 4/20
2020-01-23 11:43:05,586:INFO: - Train metrics: accuracy: 0.735 ; loss: 0.009
2020-01-23 11:43:06,995:INFO: - Eval metrics : accuracy: 0.749 ; loss: 0.009
2020-01-23 11:43:07,033:INFO: Epoch 5/20
2020-01-23 11:43:09,069:INFO: - Train metrics: accuracy: 0.730 ; loss: 0.009
2020-01-23 11:43:10,478:INFO: - Eval metrics : accuracy: 0.748 ; loss: 0.009
2020-01-23 11:43:10,515:INFO: Epoch 6/20
2020-01-23 11:43:12,549:INFO: - Train metrics: accuracy: 0.729 ; loss: 0.009
2020-01-23 11:43:13,960:INFO: - Eval metrics : accuracy: 0.748 ; loss: 0.009
2020-01-23 11:43:13,994:INFO: Epoch 7/20
2020-01-23 11:43:16,050:INFO: - Train metrics: accuracy: 0.733 ; loss: 0.009
2020-01-23 11:43:17,471:INFO: - Eval metrics : accuracy: 0.748 ; loss: 0.009
2020-01-23 11:43:17,506:INFO: Epoch 8/20
2020-01-23 11:43:19,573:INFO: - Train metrics: accuracy: 0.730 ; loss: 0.009
2020-01-23 11:43:21,011:INFO: - Eval metrics : accuracy: 0.748 ; loss: 0.009
2020-01-23 11:43:21,050:INFO: Epoch 9/20
2020-01-23 11:43:23,110:INFO: - Train metrics: accuracy: 0.728 ; loss: 0.009
2020-01-23 11:43:24,521:INFO: - Eval metrics : accuracy: 0.748 ; loss: 0.009
2020-01-23 11:43:24,560:INFO: Epoch 10/20
2020-01-23 11:43:26,602:INFO: - Train metrics: accuracy: 0.731 ; loss: 0.009
2020-01-23 11:43:28,014:INFO: - Eval metrics : accuracy: 0.748 ; loss: 0.009
2020-01-23 11:43:28,052:INFO: Epoch 11/20
2020-01-23 11:43:30,118:INFO: - Train metrics: accuracy: 0.727 ; loss: 0.009
2020-01-23 11:43:31,535:INFO: - Eval metrics : accuracy: 0.748 ; loss: 0.009
2020-01-23 11:43:31,575:INFO: Epoch 12/20
2020-01-23 11:43:33,648:INFO: - Train metrics: accuracy: 0.726 ; loss: 0.009
2020-01-23 11:43:35,065:INFO: - Eval metrics : accuracy: 0.747 ; loss: 0.009
2020-01-23 11:43:35,105:INFO: Epoch 13/20
2020-01-23 11:43:37,155:INFO: - Train metrics: accuracy: 0.727 ; loss: 0.009
2020-01-23 11:43:38,566:INFO: - Eval metrics : accuracy: 0.747 ; loss: 0.009
2020-01-23 11:43:38,606:INFO: Epoch 14/20
2020-01-23 11:43:40,673:INFO: - Train metrics: accuracy: 0.724 ; loss: 0.009
2020-01-23 11:43:42,091:INFO: - Eval metrics : accuracy: 0.745 ; loss: 0.009
2020-01-23 11:43:42,132:INFO: Epoch 15/20
2020-01-23 11:43:44,222:INFO: - Train metrics: accuracy: 0.725 ; loss: 0.009
2020-01-23 11:43:45,651:INFO: - Eval metrics : accuracy: 0.745 ; loss: 0.009
2020-01-23 11:43:45,689:INFO: Epoch 16/20
2020-01-23 11:43:47,735:INFO: - Train metrics: accuracy: 0.721 ; loss: 0.009
2020-01-23 11:43:49,157:INFO: - Eval metrics : accuracy: 0.746 ; loss: 0.009
2020-01-23 11:43:49,195:INFO: Epoch 17/20
2020-01-23 11:43:51,250:INFO: - Train metrics: accuracy: 0.718 ; loss: 0.009
2020-01-23 11:43:52,678:INFO: - Eval metrics : accuracy: 0.748 ; loss: 0.009
2020-01-23 11:43:52,717:INFO: Epoch 18/20
2020-01-23 11:43:54,778:INFO: - Train metrics: accuracy: 0.751 ; loss: 0.010
2020-01-23 11:43:56,192:INFO: - Eval metrics : accuracy: 0.747 ; loss: 0.009
2020-01-23 11:43:56,231:INFO: Epoch 19/20
2020-01-23 11:43:58,284:INFO: - Train metrics: accuracy: 0.728 ; loss: 0.009
2020-01-23 11:43:59,705:INFO: - Eval metrics : accuracy: 0.746 ; loss: 0.009
2020-01-23 11:43:59,744:INFO: Epoch 20/20
2020-01-23 11:44:01,822:INFO: - Train metrics: accuracy: 0.725 ; loss: 0.009
2020-01-23 11:44:03,232:INFO: - Eval metrics : accuracy: 0.748 ; loss: 0.009
2020-01-23 11:45:03,820:INFO: Loading the datasets...
2020-01-23 11:45:14,659:INFO: - done.
2020-01-23 11:45:16,286:INFO: Starting training for 20 epoch(s)
2020-01-23 11:45:16,287:INFO: Epoch 1/20
2020-01-23 11:45:18,371:INFO: - Train metrics: accuracy: 18.778 ; loss: 2.278
2020-01-23 11:45:19,770:INFO: - Eval metrics : accuracy: 0.835 ; loss: 0.012
2020-01-23 11:45:19,838:INFO: - Found new best accuracy
2020-01-23 11:45:19,839:INFO: Epoch 2/20
2020-01-23 11:45:21,866:INFO: - Train metrics: accuracy: 0.816 ; loss: 0.011
2020-01-23 11:45:23,266:INFO: - Eval metrics : accuracy: 0.756 ; loss: 0.010
2020-01-23 11:45:23,307:INFO: Epoch 3/20
2020-01-23 11:45:25,338:INFO: - Train metrics: accuracy: 0.751 ; loss: 0.009
2020-01-23 11:45:26,758:INFO: - Eval metrics : accuracy: 0.749 ; loss: 0.009
2020-01-23 11:45:26,797:INFO: Epoch 4/20
2020-01-23 11:45:28,897:INFO: - Train metrics: accuracy: 0.738 ; loss: 0.009
2020-01-23 11:45:30,344:INFO: - Eval metrics : accuracy: 0.748 ; loss: 0.009
2020-01-23 11:45:30,384:INFO: Epoch 5/20
2020-01-23 11:45:32,461:INFO: - Train metrics: accuracy: 0.736 ; loss: 0.009
2020-01-23 11:45:33,911:INFO: - Eval metrics : accuracy: 0.747 ; loss: 0.009
2020-01-23 11:45:33,950:INFO: Epoch 6/20
2020-01-23 11:45:36,104:INFO: - Train metrics: accuracy: 0.731 ; loss: 0.009
2020-01-23 11:45:37,600:INFO: - Eval metrics : accuracy: 0.749 ; loss: 0.009
2020-01-23 11:45:37,639:INFO: Epoch 7/20
2020-01-23 11:45:39,769:INFO: - Train metrics: accuracy: 0.730 ; loss: 0.009
2020-01-23 11:45:41,202:INFO: - Eval metrics : accuracy: 0.748 ; loss: 0.009
2020-01-23 11:45:41,241:INFO: Epoch 8/20
2020-01-23 11:45:43,370:INFO: - Train metrics: accuracy: 0.732 ; loss: 0.009
2020-01-23 11:45:44,797:INFO: - Eval metrics : accuracy: 0.748 ; loss: 0.009
2020-01-23 11:45:44,836:INFO: Epoch 9/20
2020-01-23 11:45:46,970:INFO: - Train metrics: accuracy: 0.727 ; loss: 0.009
2020-01-23 11:45:48,381:INFO: - Eval metrics : accuracy: 0.748 ; loss: 0.009
2020-01-23 11:45:48,420:INFO: Epoch 10/20
2020-01-23 11:45:50,465:INFO: - Train metrics: accuracy: 0.726 ; loss: 0.009
2020-01-23 11:45:51,936:INFO: - Eval metrics : accuracy: 0.748 ; loss: 0.009
2020-01-23 11:45:51,976:INFO: Epoch 11/20
2020-01-23 11:45:54,035:INFO: - Train metrics: accuracy: 0.729 ; loss: 0.009
2020-01-23 11:45:55,457:INFO: - Eval metrics : accuracy: 0.747 ; loss: 0.009
2020-01-23 11:45:55,497:INFO: Epoch 12/20
2020-01-23 11:45:57,551:INFO: - Train metrics: accuracy: 0.725 ; loss: 0.009
2020-01-23 11:45:58,951:INFO: - Eval metrics : accuracy: 0.747 ; loss: 0.009
2020-01-23 11:45:58,991:INFO: Epoch 13/20
2020-01-23 11:46:01,055:INFO: - Train metrics: accuracy: 0.723 ; loss: 0.009
2020-01-23 11:46:02,464:INFO: - Eval metrics : accuracy: 0.745 ; loss: 0.009
2020-01-23 11:46:02,502:INFO: Epoch 14/20
2020-01-23 11:46:04,554:INFO: - Train metrics: accuracy: 0.720 ; loss: 0.009
2020-01-23 11:46:05,965:INFO: - Eval metrics : accuracy: 0.745 ; loss: 0.009
2020-01-23 11:46:06,002:INFO: Epoch 15/20
2020-01-23 11:46:08,039:INFO: - Train metrics: accuracy: 0.719 ; loss: 0.009
2020-01-23 11:46:09,444:INFO: - Eval metrics : accuracy: 0.741 ; loss: 0.009
2020-01-23 11:46:09,480:INFO: Epoch 16/20
2020-01-23 11:46:11,545:INFO: - Train metrics: accuracy: 0.716 ; loss: 0.009
2020-01-23 11:46:12,962:INFO: - Eval metrics : accuracy: 0.741 ; loss: 0.009
2020-01-23 11:46:13,003:INFO: Epoch 17/20
2020-01-23 11:46:15,113:INFO: - Train metrics: accuracy: 0.706 ; loss: 0.008
2020-01-23 11:46:16,574:INFO: - Eval metrics : accuracy: 0.744 ; loss: 0.009
2020-01-23 11:46:16,613:INFO: Epoch 18/20
2020-01-23 11:46:18,766:INFO: - Train metrics: accuracy: 0.719 ; loss: 0.009
2020-01-23 11:46:20,219:INFO: - Eval metrics : accuracy: 0.741 ; loss: 0.009
2020-01-23 11:46:20,257:INFO: Epoch 19/20
2020-01-23 11:46:22,409:INFO: - Train metrics: accuracy: 0.722 ; loss: 0.009
2020-01-23 11:46:23,823:INFO: - Eval metrics : accuracy: 0.738 ; loss: 0.009
2020-01-23 11:46:23,862:INFO: Epoch 20/20
2020-01-23 11:46:25,958:INFO: - Train metrics: accuracy: 0.702 ; loss: 0.009
2020-01-23 11:46:27,437:INFO: - Eval metrics : accuracy: 0.740 ; loss: 0.009
2020-01-23 11:46:39,406:INFO: Loading the datasets...
2020-01-23 11:46:50,165:INFO: - done.
2020-01-23 11:46:51,791:INFO: Starting training for 20 epoch(s)
2020-01-23 11:46:51,791:INFO: Epoch 1/20
2020-01-23 11:47:01,895:INFO: - Train metrics: accuracy: 1.584 ; loss: 0.101
2020-01-23 11:47:12,905:INFO: - Eval metrics : accuracy: 0.751 ; loss: 0.009
2020-01-23 11:47:12,976:INFO: - Found new best accuracy
2020-01-23 11:47:12,982:INFO: Epoch 2/20
2020-01-23 11:47:23,207:INFO: - Train metrics: accuracy: 0.776 ; loss: 0.010
2020-01-23 11:50:39,839:INFO: Loading the datasets...
2020-01-23 11:50:50,584:INFO: - done.
2020-01-23 11:50:52,292:INFO: Starting training for 20 epoch(s)
2020-01-23 11:50:52,294:INFO: Epoch 1/20
2020-01-23 11:51:02,489:INFO: - Train metrics: accuracy: 1.589 ; loss: 0.103
2020-01-23 11:51:28,939:INFO: - Eval metrics : accuracy: 0.750 ; loss: 0.009
2020-01-23 11:51:29,014:INFO: - Found new best accuracy
2020-01-23 11:51:29,022:INFO: Epoch 2/20
2020-01-23 11:51:39,199:INFO: - Train metrics: accuracy: 0.754 ; loss: 0.010
2020-01-23 11:51:51,240:INFO: - Eval metrics : accuracy: 0.757 ; loss: 0.010
2020-01-23 11:51:51,304:INFO: - Found new best accuracy
2020-01-23 11:51:51,309:INFO: Epoch 3/20
2020-01-23 11:52:01,539:INFO: - Train metrics: accuracy: 0.737 ; loss: 0.009
2020-01-23 11:54:15,204:INFO: Loading the datasets...
2020-01-23 11:54:26,336:INFO: - done.
2020-01-23 11:54:29,330:INFO: Starting training for 20 epoch(s)
2020-01-23 11:54:29,331:INFO: Epoch 1/20
2020-01-23 11:54:39,720:INFO: - Train metrics: accuracy: 1.591 ; loss: 0.103
2020-01-23 11:54:50,072:INFO: - Eval metrics : accuracy: 0.752 ; loss: 0.009
2020-01-23 11:54:50,148:INFO: - Found new best accuracy
2020-01-23 11:54:50,154:INFO: Epoch 2/20
2020-01-23 11:55:00,488:INFO: - Train metrics: accuracy: 0.731 ; loss: 0.009
2020-01-23 11:55:14,929:INFO: - Eval metrics : accuracy: 0.752 ; loss: 0.009
2020-01-23 11:55:14,964:INFO: Epoch 3/20
2020-01-23 11:55:25,266:INFO: - Train metrics: accuracy: 0.756 ; loss: 0.010
2020-01-23 11:55:37,735:INFO: - Eval metrics : accuracy: 0.752 ; loss: 0.010
2020-01-23 11:55:37,800:INFO: - Found new best accuracy
2020-01-23 11:55:37,803:INFO: Epoch 4/20
2020-01-23 11:55:48,141:INFO: - Train metrics: accuracy: 0.751 ; loss: 0.009
2020-01-23 12:00:12,074:INFO: Loading the datasets...
2020-01-23 12:00:20,447:INFO: - done.
2020-01-23 12:00:23,576:INFO: Starting training for 20 epoch(s)
2020-01-23 12:00:23,577:INFO: Epoch 1/20
2020-01-23 12:00:33,845:INFO: - Train metrics: accuracy: 1.595 ; loss: 0.102
2020-01-23 12:01:59,440:INFO: Loading the datasets...
2020-01-23 12:03:22,282:INFO: Loading the datasets...
2020-01-23 12:03:40,531:INFO: Loading the datasets...
2020-01-23 12:03:51,386:INFO: - done.
2020-01-23 12:03:56,123:INFO: Starting training for 20 epoch(s)
2020-01-23 12:03:56,126:INFO: Epoch 1/20
2020-01-23 12:04:07,066:INFO: - Train metrics: accuracy: 1.568 ; loss: 0.101
2020-01-23 12:04:20,416:INFO: - Eval metrics : accuracy: 0.752 ; loss: 0.009
2020-01-23 12:04:20,548:INFO: - Found new best accuracy
2020-01-23 12:04:20,555:INFO: Epoch 2/20
2020-01-23 12:04:30,746:INFO: - Train metrics: accuracy: 0.749 ; loss: 0.009
2020-01-23 12:05:04,353:INFO: Loading the datasets...
2020-01-23 12:05:15,567:INFO: - done.
2020-01-23 12:05:19,004:INFO: Starting training for 20 epoch(s)
2020-01-23 12:05:19,007:INFO: Epoch 1/20
2020-01-23 12:05:29,590:INFO: - Train metrics: accuracy: 1.572 ; loss: 0.101
2020-01-23 12:05:43,048:INFO: - Eval metrics : accuracy: 0.751 ; loss: 0.010
2020-01-23 12:05:43,168:INFO: - Found new best accuracy
2020-01-23 12:05:43,176:INFO: Epoch 2/20
2020-01-23 12:05:54,025:INFO: - Train metrics: accuracy: 0.738 ; loss: 0.009
2020-01-23 12:06:05,511:INFO: - Eval metrics : accuracy: 0.752 ; loss: 0.009
2020-01-23 12:06:05,598:INFO: - Found new best accuracy
2020-01-23 12:06:05,602:INFO: Epoch 3/20
2020-01-23 12:06:16,133:INFO: - Train metrics: accuracy: 0.754 ; loss: 0.010
2020-01-23 12:06:31,151:INFO: - Eval metrics : accuracy: 0.753 ; loss: 0.010
2020-01-23 12:06:31,247:INFO: - Found new best accuracy
2020-01-23 12:06:31,250:INFO: Epoch 4/20
2020-01-23 12:06:41,801:INFO: - Train metrics: accuracy: 0.741 ; loss: 0.009
2020-01-23 12:06:50,167:INFO: - Eval metrics : accuracy: 0.751 ; loss: 0.009
2020-01-23 12:06:50,224:INFO: Epoch 5/20
2020-01-23 12:07:00,681:INFO: - Train metrics: accuracy: 0.762 ; loss: 0.010
2020-01-23 12:07:08,759:INFO: - Eval metrics : accuracy: 0.752 ; loss: 0.009
2020-01-23 12:07:08,816:INFO: Epoch 6/20
2020-01-23 12:07:19,281:INFO: - Train metrics: accuracy: 0.751 ; loss: 0.010
2020-01-23 12:07:29,383:INFO: - Eval metrics : accuracy: 0.751 ; loss: 0.009
2020-01-23 12:07:29,429:INFO: Epoch 7/20
2020-01-23 12:07:39,970:INFO: - Train metrics: accuracy: 0.747 ; loss: 0.009
2020-01-23 12:08:38,240:INFO: Loading the datasets...
2020-01-23 12:08:51,222:INFO: - done.
2020-01-23 12:08:57,559:INFO: Starting training for 10 epoch(s)
2020-01-23 12:08:57,565:INFO: Epoch 1/10
2020-01-23 12:09:00,492:INFO: - Train metrics: accuracy: 6.787 ; loss: 0.758
2020-01-23 12:09:02,013:INFO: - Eval metrics : accuracy: 0.751 ; loss: 0.010
2020-01-23 12:09:02,087:INFO: - Found new best accuracy
2020-01-23 12:09:02,091:INFO: Epoch 2/10
2020-01-23 12:09:04,705:INFO: - Train metrics: accuracy: 0.749 ; loss: 0.009
2020-01-23 12:09:06,212:INFO: - Eval metrics : accuracy: 0.750 ; loss: 0.009
2020-01-23 12:09:06,249:INFO: Epoch 3/10
2020-01-23 12:09:08,832:INFO: - Train metrics: accuracy: 0.761 ; loss: 0.010
2020-01-23 12:09:10,359:INFO: - Eval metrics : accuracy: 0.750 ; loss: 0.009
2020-01-23 12:09:10,395:INFO: Epoch 4/10
2020-01-23 12:09:12,974:INFO: - Train metrics: accuracy: 0.755 ; loss: 0.010
2020-01-23 12:09:14,522:INFO: - Eval metrics : accuracy: 0.750 ; loss: 0.009
2020-01-23 12:09:14,557:INFO: Epoch 5/10
2020-01-23 12:09:17,147:INFO: - Train metrics: accuracy: 0.761 ; loss: 0.010
2020-01-23 12:09:18,680:INFO: - Eval metrics : accuracy: 0.751 ; loss: 0.009
2020-01-23 12:09:18,716:INFO: Epoch 6/10
2020-01-23 12:09:21,319:INFO: - Train metrics: accuracy: 0.762 ; loss: 0.010
2020-01-23 12:09:22,835:INFO: - Eval metrics : accuracy: 0.751 ; loss: 0.009
2020-01-23 12:09:22,894:INFO: - Found new best accuracy
2020-01-23 12:09:22,902:INFO: Epoch 7/10
2020-01-23 12:09:25,506:INFO: - Train metrics: accuracy: 0.752 ; loss: 0.009
2020-01-23 12:09:27,025:INFO: - Eval metrics : accuracy: 0.751 ; loss: 0.009
2020-01-23 12:09:27,099:INFO: - Found new best accuracy
2020-01-23 12:09:27,100:INFO: Epoch 8/10
2020-01-23 12:09:29,702:INFO: - Train metrics: accuracy: 0.776 ; loss: 0.010
2020-01-23 12:09:31,210:INFO: - Eval metrics : accuracy: 0.751 ; loss: 0.010
2020-01-23 12:09:31,249:INFO: Epoch 9/10
2020-01-23 12:09:33,831:INFO: - Train metrics: accuracy: 0.759 ; loss: 0.010
2020-01-23 12:09:35,354:INFO: - Eval metrics : accuracy: 0.752 ; loss: 0.009
2020-01-23 12:09:35,418:INFO: - Found new best accuracy
2020-01-23 12:09:35,419:INFO: Epoch 10/10
2020-01-23 12:12:12,060:INFO: Loading the datasets...
2020-01-23 12:12:23,698:INFO: - done.
2020-01-23 12:12:28,480:INFO: Starting training for 10 epoch(s)
2020-01-23 12:12:28,487:INFO: Epoch 1/10
2020-01-23 12:12:44,219:INFO: - Train metrics: accuracy: 6.782 ; loss: 0.756
2020-01-23 12:12:45,759:INFO: - Eval metrics : accuracy: 0.749 ; loss: 0.009
2020-01-23 12:12:45,823:INFO: - Found new best accuracy
2020-01-23 12:12:45,833:INFO: Epoch 2/10
2020-01-23 12:12:55,866:INFO: - Train metrics: accuracy: 0.763 ; loss: 0.010
2020-01-23 12:12:57,429:INFO: - Eval metrics : accuracy: 0.751 ; loss: 0.009
2020-01-23 12:12:57,496:INFO: - Found new best accuracy
2020-01-23 12:12:57,496:INFO: Epoch 3/10
2020-01-23 12:13:06,227:INFO: - Train metrics: accuracy: 0.758 ; loss: 0.010
2020-01-23 12:13:07,826:INFO: - Eval metrics : accuracy: 0.750 ; loss: 0.009
2020-01-23 12:13:07,863:INFO: Epoch 4/10
2020-01-23 12:13:18,743:INFO: - Train metrics: accuracy: 0.766 ; loss: 0.010
2020-01-23 12:13:20,317:INFO: - Eval metrics : accuracy: 0.749 ; loss: 0.009
2020-01-23 12:13:20,351:INFO: Epoch 5/10
2020-01-23 12:14:22,184:INFO: Loading the datasets...
2020-01-23 12:14:34,755:INFO: - done.
2020-01-23 12:14:40,070:INFO: Starting training for 10 epoch(s)
2020-01-23 12:14:40,074:INFO: Epoch 1/10
2020-01-23 12:14:48,615:INFO: - Train metrics: accuracy: 6.828 ; loss: 4.192
2020-01-23 12:14:50,158:INFO: - Eval metrics : accuracy: 0.754 ; loss: 0.019
2020-01-23 12:14:50,254:INFO: - Found new best accuracy
2020-01-23 12:14:50,263:INFO: Epoch 2/10
2020-01-23 12:15:03,702:INFO: - Train metrics: accuracy: 0.820 ; loss: 0.023
2020-01-23 12:15:05,288:INFO: - Eval metrics : accuracy: 0.775 ; loss: 0.021
2020-01-23 12:15:05,359:INFO: - Found new best accuracy
2020-01-23 12:15:05,359:INFO: Epoch 3/10
2020-01-23 12:15:16,374:INFO: - Train metrics: accuracy: 0.794 ; loss: 0.021
2020-01-23 12:15:17,926:INFO: - Eval metrics : accuracy: 0.756 ; loss: 0.019
2020-01-23 12:15:17,966:INFO: Epoch 4/10
2020-01-23 12:15:26,347:INFO: - Train metrics: accuracy: 0.797 ; loss: 0.021
2020-01-23 12:15:27,900:INFO: - Eval metrics : accuracy: 0.751 ; loss: 0.019
2020-01-23 12:15:27,941:INFO: Epoch 5/10
2020-01-23 12:15:37,275:INFO: - Train metrics: accuracy: 0.760 ; loss: 0.020
2020-01-23 12:15:38,949:INFO: - Eval metrics : accuracy: 0.751 ; loss: 0.019
2020-01-23 12:15:38,990:INFO: Epoch 6/10
2020-01-23 12:15:47,607:INFO: - Train metrics: accuracy: 0.775 ; loss: 0.020
2020-01-23 12:15:49,206:INFO: - Eval metrics : accuracy: 0.752 ; loss: 0.019
2020-01-23 12:15:49,246:INFO: Epoch 7/10
2020-01-23 12:17:57,829:INFO: Loading the datasets...
2020-01-23 12:18:10,517:INFO: - done.
2020-01-23 12:18:15,175:INFO: Starting training for 10 epoch(s)
2020-01-23 12:18:15,179:INFO: Epoch 1/10
2020-01-23 12:18:18,162:INFO: - Train metrics: accuracy: 6.874 ; loss: 4.151
2020-01-23 12:18:19,697:INFO: - Eval metrics : accuracy: 0.800 ; loss: 0.022
2020-01-23 12:18:19,778:INFO: - Found new best accuracy
2020-01-23 12:18:19,785:INFO: Epoch 2/10
2020-01-23 12:18:22,405:INFO: - Train metrics: accuracy: 0.858 ; loss: 0.025
2020-01-23 12:18:23,972:INFO: - Eval metrics : accuracy: 0.789 ; loss: 0.021
2020-01-23 12:18:24,011:INFO: Epoch 3/10
2020-01-23 12:18:26,636:INFO: - Train metrics: accuracy: 0.799 ; loss: 0.022
2020-01-23 12:18:28,199:INFO: - Eval metrics : accuracy: 0.778 ; loss: 0.020
2020-01-23 12:18:28,234:INFO: Epoch 4/10
2020-01-23 12:18:30,860:INFO: - Train metrics: accuracy: 0.805 ; loss: 0.022
2020-01-23 12:18:32,390:INFO: - Eval metrics : accuracy: 0.765 ; loss: 0.020
2020-01-23 12:18:32,429:INFO: Epoch 5/10
2020-01-23 12:18:35,050:INFO: - Train metrics: accuracy: 0.826 ; loss: 0.023
2020-01-23 12:18:36,607:INFO: - Eval metrics : accuracy: 0.891 ; loss: 0.027
2020-01-23 12:18:36,672:INFO: - Found new best accuracy
2020-01-23 12:18:36,674:INFO: Epoch 6/10
2020-01-23 12:19:28,832:INFO: Loading the datasets...
2020-01-23 12:19:39,960:INFO: - done.
2020-01-23 12:19:43,705:INFO: Starting training for 10 epoch(s)
2020-01-23 12:19:43,708:INFO: Epoch 1/10
2020-01-23 12:19:54,481:INFO: - Train metrics: accuracy: 1.607 ; loss: 0.553
2020-01-23 12:19:57,761:INFO: - Eval metrics : accuracy: 0.755 ; loss: 0.019
2020-01-23 12:19:57,832:INFO: - Found new best accuracy
2020-01-23 12:19:57,838:INFO: Epoch 2/10
2020-01-23 12:20:08,053:INFO: - Train metrics: accuracy: 0.744 ; loss: 0.019
2020-01-23 12:20:11,299:INFO: - Eval metrics : accuracy: 0.753 ; loss: 0.019
2020-01-23 12:20:11,336:INFO: Epoch 3/10
2020-01-23 12:20:21,573:INFO: - Train metrics: accuracy: 0.734 ; loss: 0.018
2020-01-23 12:20:24,831:INFO: - Eval metrics : accuracy: 0.752 ; loss: 0.019
2020-01-23 12:20:24,872:INFO: Epoch 4/10
2020-01-23 12:20:35,126:INFO: - Train metrics: accuracy: 0.750 ; loss: 0.019
2020-01-23 12:22:52,279:INFO: Loading the datasets...
2020-01-23 12:23:03,513:INFO: - done.
2020-01-23 12:23:06,486:INFO: Starting training for 10 epoch(s)
2020-01-23 12:23:06,486:INFO: Epoch 1/10
2020-01-23 12:23:50,603:INFO: - Train metrics: accuracy: 1.611 ; loss: 0.575
2020-01-23 12:23:53,954:INFO: - Eval metrics : accuracy: 0.748 ; loss: 0.019
2020-01-23 12:23:54,017:INFO: - Found new best accuracy
2020-01-23 12:23:54,025:INFO: Epoch 2/10
2020-01-23 12:26:47,662:INFO: Loading the datasets...
2020-01-23 12:26:58,811:INFO: - done.
2020-01-23 12:27:00,477:INFO: Starting training for 10 epoch(s)
2020-01-23 12:27:00,477:INFO: Epoch 1/10
2020-01-23 12:27:17,521:INFO: - Train metrics: accuracy: 1.788 ; loss: 0.585
2020-01-23 12:27:20,999:INFO: - Eval metrics : accuracy: 1.027 ; loss: 0.035
2020-01-23 12:27:21,009:INFO: - Found new best accuracy
2020-01-23 12:27:21,021:INFO: Epoch 2/10
2020-01-23 12:27:37,664:INFO: - Train metrics: accuracy: 0.831 ; loss: 0.023
2020-01-23 12:27:41,254:INFO: - Eval metrics : accuracy: 1.002 ; loss: 0.034
2020-01-23 12:27:41,269:INFO: Epoch 3/10
2020-01-23 12:27:55,520:INFO: - Train metrics: accuracy: 0.854 ; loss: 0.025
2020-01-23 12:27:58,891:INFO: - Eval metrics : accuracy: 0.980 ; loss: 0.032
2020-01-23 12:27:58,906:INFO: Epoch 4/10
2020-01-23 12:28:13,681:INFO: - Train metrics: accuracy: 0.821 ; loss: 0.023
2020-01-23 12:28:16,976:INFO: - Eval metrics : accuracy: 0.965 ; loss: 0.031
2020-01-23 12:28:16,990:INFO: Epoch 5/10
2020-01-23 12:28:34,209:INFO: - Train metrics: accuracy: 0.811 ; loss: 0.022
2020-01-23 12:28:37,605:INFO: - Eval metrics : accuracy: 0.952 ; loss: 0.030
2020-01-23 12:28:37,620:INFO: Epoch 6/10
2020-01-23 12:28:53,664:INFO: - Train metrics: accuracy: 0.799 ; loss: 0.022
2020-01-23 12:28:57,050:INFO: - Eval metrics : accuracy: 0.937 ; loss: 0.029
2020-01-23 12:28:57,063:INFO: Epoch 7/10
2020-01-23 12:29:11,136:INFO: - Train metrics: accuracy: 0.808 ; loss: 0.022
2020-01-23 12:29:14,483:INFO: - Eval metrics : accuracy: 0.923 ; loss: 0.029
2020-01-23 12:29:14,495:INFO: Epoch 8/10
2020-01-23 12:29:27,792:INFO: - Train metrics: accuracy: 0.808 ; loss: 0.022
2020-01-23 12:29:31,749:INFO: - Eval metrics : accuracy: 0.913 ; loss: 0.028
2020-01-23 12:29:31,765:INFO: Epoch 9/10
2020-01-23 12:29:49,560:INFO: - Train metrics: accuracy: 0.812 ; loss: 0.022
2020-01-23 12:29:53,137:INFO: - Eval metrics : accuracy: 0.902 ; loss: 0.027
2020-01-23 12:29:53,150:INFO: Epoch 10/10
2020-01-23 12:30:09,936:INFO: - Train metrics: accuracy: 0.788 ; loss: 0.021
2020-01-23 12:30:13,383:INFO: - Eval metrics : accuracy: 0.894 ; loss: 0.027
2020-01-23 12:40:08,185:INFO: Loading the datasets...
2020-01-23 12:40:19,148:INFO: - done.
2020-01-23 12:40:20,758:INFO: Starting training for 10 epoch(s)
2020-01-23 12:40:20,758:INFO: Epoch 1/10
2020-01-23 12:40:38,184:INFO: - Train metrics: accuracy: 1.571 ; loss: 0.551
2020-01-23 12:40:41,462:INFO: - Eval metrics : accuracy: 0.754 ; loss: 0.019
2020-01-23 12:40:41,535:INFO: - Found new best accuracy
2020-01-23 12:40:41,541:INFO: Epoch 2/10
2020-01-23 12:41:00,131:INFO: - Train metrics: accuracy: 0.733 ; loss: 0.018
2020-01-23 12:41:57,347:INFO: Loading the datasets...
2020-01-23 12:42:08,201:INFO: - done.
2020-01-23 12:42:10,008:INFO: Starting training for 10 epoch(s)
2020-01-23 12:42:10,011:INFO: Epoch 1/10
2020-01-23 12:47:39,277:INFO: Loading the datasets...
2020-01-23 12:47:50,497:INFO: - done.
2020-01-23 12:47:53,331:INFO: Starting training for 10 epoch(s)
2020-01-23 12:47:53,333:INFO: Epoch 1/10
2020-01-23 12:50:59,573:INFO: Loading the datasets...
2020-01-23 12:51:10,696:INFO: - done.
2020-01-23 12:51:13,686:INFO: Starting training for 10 epoch(s)
2020-01-23 12:51:13,687:INFO: Epoch 1/10
2020-01-23 12:53:15,341:INFO: Loading the datasets...
2020-01-23 12:53:26,104:INFO: - done.
2020-01-23 12:53:27,725:INFO: Starting training for 10 epoch(s)
2020-01-23 12:53:27,726:INFO: Epoch 1/10
2020-01-23 12:53:38,091:INFO: - Train metrics: accuracy: 19.507 ; loss: 0.000
2020-01-23 12:53:41,457:INFO: - Eval metrics : accuracy: 3.098 ; loss: 0.000
2020-01-23 12:53:41,518:INFO: - Found new best accuracy
2020-01-23 12:53:41,527:INFO: Epoch 2/10
2020-01-23 12:53:51,958:INFO: - Train metrics: accuracy: 19.947 ; loss: 0.000
2020-01-23 12:57:11,641:INFO: Loading the datasets...
2020-01-23 12:57:22,373:INFO: - done.
2020-01-23 12:57:24,153:INFO: Starting training for 10 epoch(s)
2020-01-23 12:57:24,155:INFO: Epoch 1/10
2020-01-23 12:58:08,833:INFO: Loading the datasets...
2020-01-23 12:58:20,073:INFO: - done.
2020-01-23 12:58:23,005:INFO: Starting training for 10 epoch(s)
2020-01-23 12:58:23,005:INFO: Epoch 1/10
2020-01-23 12:58:33,292:INFO: - Train metrics: accuracy: 1.630 ; loss: 0.576
2020-01-23 12:58:36,581:INFO: - Eval metrics : accuracy: 0.754 ; loss: 0.019
2020-01-23 12:58:36,649:INFO: - Found new best accuracy
2020-01-23 12:58:36,658:INFO: Epoch 2/10
2020-01-23 12:58:51,564:INFO: Loading the datasets...
2020-01-23 12:59:02,405:INFO: - done.
2020-01-23 12:59:04,027:INFO: Starting training for 10 epoch(s)
2020-01-23 12:59:04,027:INFO: Epoch 1/10
2020-01-23 12:59:21,896:INFO: - Train metrics: accuracy: 1.580 ; loss: 0.573
2020-01-23 12:59:25,211:INFO: - Eval metrics : accuracy: 0.752 ; loss: 0.019
2020-01-23 12:59:25,274:INFO: - Found new best accuracy
2020-01-23 12:59:25,282:INFO: Epoch 2/10
2020-01-23 12:59:46,449:INFO: - Train metrics: accuracy: 0.753 ; loss: 0.019
2020-01-23 12:59:49,866:INFO: - Eval metrics : accuracy: 0.753 ; loss: 0.019
2020-01-23 12:59:49,911:INFO: - Found new best accuracy
2020-01-23 12:59:49,936:INFO: Epoch 3/10
2020-01-23 13:00:04,398:INFO: - Train metrics: accuracy: 0.751 ; loss: 0.019
2020-01-23 13:09:52,441:INFO: Loading the datasets...
2020-01-23 13:10:26,725:INFO: Loading the datasets...
2020-01-23 13:10:38,347:INFO: - done.
2020-01-23 13:10:40,116:INFO: Starting training for 10 epoch(s)
2020-01-23 13:10:40,116:INFO: Epoch 1/10
2020-01-23 13:48:01,276:INFO: - Train metrics: accuracy: 1.131 ; loss: 0.558
2020-01-23 13:48:04,087:INFO: - Eval metrics : accuracy: 0.203 ; loss: 0.002
2020-01-23 13:48:04,158:INFO: - Found new best accuracy
2020-01-23 13:48:04,174:INFO: Epoch 2/10
2020-01-23 13:48:21,851:INFO: - Train metrics: accuracy: 0.171 ; loss: 0.001
2020-01-23 13:48:24,741:INFO: - Eval metrics : accuracy: 0.202 ; loss: 0.001
2020-01-23 13:48:24,783:INFO: Epoch 3/10
2020-01-23 13:48:47,497:INFO: - Train metrics: accuracy: 0.159 ; loss: 0.001
2020-01-23 13:48:50,309:INFO: - Eval metrics : accuracy: 0.197 ; loss: 0.001
2020-01-23 13:48:50,343:INFO: Epoch 4/10
2020-01-23 13:51:48,632:INFO: Loading the datasets...
2020-01-23 13:51:59,516:INFO: - done.
2020-01-23 13:52:01,326:INFO: Starting training for 10 epoch(s)
2020-01-23 13:52:01,326:INFO: Epoch 1/10
2020-01-23 13:53:01,613:INFO: Loading the datasets...
2020-01-23 13:53:13,017:INFO: - done.
2020-01-23 13:53:17,960:INFO: Starting training for 10 epoch(s)
2020-01-23 13:53:17,963:INFO: Epoch 1/10
2020-01-23 13:54:08,998:INFO: Loading the datasets...
2020-01-23 13:54:16,050:INFO: Loading the datasets...
2020-01-23 13:54:27,409:INFO: - done.
2020-01-23 13:54:30,742:INFO: Starting training for 10 epoch(s)
2020-01-23 13:54:30,744:INFO: Epoch 1/10
2020-01-23 13:56:58,345:INFO: Loading the datasets...
2020-01-23 14:02:32,025:INFO: Loading the datasets...
2020-01-23 14:02:43,059:INFO: - done.
2020-01-23 14:02:46,004:INFO: Starting training for 10 epoch(s)
2020-01-23 14:02:46,004:INFO: Epoch 1/10
2020-01-23 14:03:15,847:INFO: Loading the datasets...
2020-01-23 14:03:26,587:INFO: - done.
2020-01-23 14:03:28,194:INFO: Starting training for 10 epoch(s)
2020-01-23 14:03:28,194:INFO: Epoch 1/10
2020-01-23 14:04:22,661:INFO: Loading the datasets...
2020-01-23 14:04:33,560:INFO: - done.
2020-01-23 14:04:35,170:INFO: Starting training for 10 epoch(s)
2020-01-23 14:04:35,170:INFO: Epoch 1/10
2020-01-23 14:05:46,780:INFO: Loading the datasets...
2020-01-23 14:05:57,529:INFO: - done.
2020-01-23 14:05:59,182:INFO: Starting training for 10 epoch(s)
2020-01-23 14:05:59,182:INFO: Epoch 1/10
2020-01-23 14:06:53,397:INFO: Loading the datasets...
2020-01-23 14:07:04,205:INFO: - done.
2020-01-23 14:07:05,815:INFO: Starting training for 10 epoch(s)
2020-01-23 14:07:05,815:INFO: Epoch 1/10
2020-01-23 14:07:23,117:INFO: Loading the datasets...
2020-01-23 14:07:33,871:INFO: - done.
2020-01-23 14:07:35,487:INFO: Starting training for 10 epoch(s)
2020-01-23 14:07:35,487:INFO: Epoch 1/10
2020-01-23 14:08:49,987:INFO: Loading the datasets...
2020-01-23 14:09:00,955:INFO: - done.
2020-01-23 14:09:05,019:INFO: Starting training for 10 epoch(s)
2020-01-23 14:09:05,022:INFO: Epoch 1/10
2020-01-23 14:11:13,324:INFO: Loading the datasets...
2020-01-23 14:11:26,079:INFO: - done.
2020-01-23 14:11:32,380:INFO: Starting training for 10 epoch(s)
2020-01-23 14:11:32,384:INFO: Epoch 1/10
2020-01-23 14:14:16,611:INFO: Loading the datasets...
2020-01-23 14:14:30,041:INFO: - done.
2020-01-23 14:14:34,737:INFO: Starting training for 10 epoch(s)
2020-01-23 14:14:34,742:INFO: Epoch 1/10
2020-01-23 14:15:18,695:INFO: Loading the datasets...
2020-01-23 14:15:29,828:INFO: - done.
2020-01-23 14:15:32,958:INFO: Starting training for 10 epoch(s)
2020-01-23 14:15:32,960:INFO: Epoch 1/10
2020-01-23 14:29:20,497:INFO: Loading the datasets...
2020-01-23 14:29:31,740:INFO: - done.
2020-01-23 14:29:35,319:INFO: Starting training for 10 epoch(s)
2020-01-23 14:29:35,322:INFO: Epoch 1/10
2020-01-23 14:29:43,183:INFO: Loading the datasets...
2020-01-23 14:29:56,077:INFO: - done.
2020-01-23 14:30:01,417:INFO: Starting training for 10 epoch(s)
2020-01-23 14:30:01,422:INFO: Epoch 1/10
2020-01-23 14:30:59,454:INFO: Loading the datasets...
2020-01-23 14:31:11,263:INFO: - done.
2020-01-23 14:31:14,529:INFO: Starting training for 10 epoch(s)
2020-01-23 14:31:14,532:INFO: Epoch 1/10
2020-01-23 14:32:39,839:INFO: Loading the datasets...
2020-01-23 14:32:51,022:INFO: - done.
2020-01-23 14:32:55,055:INFO: Starting training for 10 epoch(s)
2020-01-23 14:32:55,058:INFO: Epoch 1/10
2020-01-23 14:34:13,483:INFO: Loading the datasets...
2020-01-23 14:34:24,646:INFO: - done.
2020-01-23 14:34:28,049:INFO: Starting training for 10 epoch(s)
2020-01-23 14:34:28,051:INFO: Epoch 1/10
2020-01-23 14:37:09,451:INFO: Loading the datasets...
2020-01-23 14:37:20,610:INFO: - done.
2020-01-23 14:37:23,867:INFO: Starting training for 10 epoch(s)
2020-01-23 14:37:23,871:INFO: Epoch 1/10
2020-01-23 14:37:43,448:INFO: - Train metrics: accuracy: 1.897 ; loss: 0.590
2020-01-23 14:37:46,714:INFO: - Eval metrics : accuracy: 1.057 ; loss: 0.038
2020-01-23 14:37:46,798:INFO: - Found new best accuracy
2020-01-23 14:37:46,803:INFO: Epoch 2/10
2020-01-23 14:38:47,762:INFO: - Train metrics: accuracy: 1.090 ; loss: 0.040
2020-01-23 14:38:52,119:INFO: Loading the datasets...
2020-01-23 14:39:05,040:INFO: - done.
2020-01-23 14:39:09,955:INFO: Starting training for 10 epoch(s)
2020-01-23 14:39:09,960:INFO: Epoch 1/10
2020-01-23 14:40:34,840:INFO: Loading the datasets...
2020-01-23 14:40:45,965:INFO: - done.
2020-01-23 14:40:49,182:INFO: Starting training for 10 epoch(s)
2020-01-23 14:40:49,185:INFO: Epoch 1/10
2020-01-23 14:41:33,524:INFO: Loading the datasets...
2020-01-23 14:41:44,740:INFO: - done.
2020-01-23 14:41:47,722:INFO: Starting training for 10 epoch(s)
2020-01-23 14:41:47,723:INFO: Epoch 1/10
2020-01-23 14:42:21,519:INFO: Loading the datasets...
2020-01-23 14:42:37,588:INFO: Loading the datasets...
2020-01-23 14:42:48,345:INFO: - done.
2020-01-23 14:42:51,829:INFO: Starting training for 10 epoch(s)
2020-01-23 14:42:51,835:INFO: Epoch 1/10
2020-01-23 14:44:46,750:INFO: Loading the datasets...
2020-01-23 14:44:57,931:INFO: - done.
2020-01-23 14:45:01,187:INFO: Starting training for 10 epoch(s)
2020-01-23 14:45:01,191:INFO: Epoch 1/10
2020-01-23 14:45:27,371:INFO: - Train metrics: accuracy: 1.886 ; loss: 0.594
2020-01-23 14:45:30,601:INFO: - Eval metrics : accuracy: 1.062 ; loss: 0.038
2020-01-23 14:45:30,706:INFO: - Found new best accuracy
2020-01-23 14:45:30,708:INFO: Epoch 2/10
2020-01-23 14:45:44,807:INFO: - Train metrics: accuracy: 1.078 ; loss: 0.039
2020-01-23 14:46:02,298:INFO: Loading the datasets...
2020-01-23 14:46:13,451:INFO: - done.
2020-01-23 14:46:16,157:INFO: Starting training for 10 epoch(s)
2020-01-23 14:46:16,160:INFO: Epoch 1/10
2020-01-23 14:49:46,037:INFO: Loading the datasets...
2020-01-23 14:49:57,213:INFO: - done.
2020-01-23 14:49:59,587:INFO: Starting training for 10 epoch(s)
2020-01-23 14:49:59,588:INFO: Epoch 1/10
2020-01-23 14:50:55,884:INFO: Loading the datasets...
2020-01-23 14:51:08,554:INFO: - done.
2020-01-23 14:51:13,901:INFO: Starting training for 10 epoch(s)
2020-01-23 14:51:13,903:INFO: Epoch 1/10
2020-01-23 14:51:46,328:INFO: Loading the datasets...
2020-01-23 14:51:59,708:INFO: - done.
2020-01-23 14:52:05,489:INFO: Starting training for 10 epoch(s)
2020-01-23 14:52:05,492:INFO: Epoch 1/10
2020-01-23 14:52:26,227:INFO: - Train metrics: accuracy: 1.363 ; loss: 0.569
2020-01-23 14:53:04,979:INFO: Loading the datasets...
2020-01-23 14:53:16,104:INFO: - done.
2020-01-23 14:53:19,311:INFO: Starting training for 10 epoch(s)
2020-01-23 14:53:19,314:INFO: Epoch 1/10
2020-01-23 14:53:39,297:INFO: - Train metrics: accuracy: 1.708 ; loss: 0.585
2020-01-23 14:53:42,293:INFO: - Eval metrics : accuracy: 0.843 ; loss: 0.028
2020-01-23 14:53:42,361:INFO: - Found new best accuracy
2020-01-23 14:53:42,371:INFO: Epoch 2/10
2020-01-23 14:56:25,099:INFO: Loading the datasets...
2020-01-23 14:56:36,380:INFO: - done.
2020-01-23 14:56:39,398:INFO: Starting training for 10 epoch(s)
2020-01-23 14:56:39,400:INFO: Epoch 1/10
2020-01-23 14:57:24,055:INFO: Loading the datasets...
2020-01-23 14:57:35,122:INFO: - done.
2020-01-23 14:57:37,962:INFO: Starting training for 10 epoch(s)
2020-01-23 14:57:37,964:INFO: Epoch 1/10
2020-01-23 15:00:26,869:INFO: Loading the datasets...
2020-01-23 15:00:38,065:INFO: - done.
2020-01-23 15:00:40,079:INFO: Starting training for 10 epoch(s)
2020-01-23 15:00:40,079:INFO: Epoch 1/10
2020-01-23 15:02:37,513:INFO: Loading the datasets...
2020-01-23 15:02:48,287:INFO: - done.
2020-01-23 15:02:49,901:INFO: Starting training for 10 epoch(s)
2020-01-23 15:02:49,901:INFO: Epoch 1/10
2020-01-23 15:03:47,442:INFO: Loading the datasets...
2020-01-23 15:03:58,275:INFO: - done.
2020-01-23 15:04:00,116:INFO: Starting training for 10 epoch(s)
2020-01-23 15:04:00,118:INFO: Epoch 1/10
2020-01-23 15:04:51,915:INFO: Loading the datasets...
2020-01-23 15:05:03,097:INFO: - done.
2020-01-23 15:05:06,101:INFO: Starting training for 10 epoch(s)
2020-01-23 15:05:06,102:INFO: Epoch 1/10
2020-01-23 15:06:03,490:INFO: Loading the datasets...
2020-01-23 15:06:16,577:INFO: - done.
2020-01-23 15:06:46,875:INFO: Starting training for 10 epoch(s)
2020-01-23 15:06:46,879:INFO: Epoch 1/10
2020-01-23 15:09:21,928:INFO: Loading the datasets...
2020-01-23 15:09:33,029:INFO: - done.
2020-01-23 15:09:35,335:INFO: Starting training for 10 epoch(s)
2020-01-23 15:09:35,336:INFO: Epoch 1/10
2020-01-23 15:10:36,982:INFO: Loading the datasets...
2020-01-23 15:10:47,811:INFO: - done.
2020-01-23 15:10:49,723:INFO: Starting training for 10 epoch(s)
2020-01-23 15:10:49,725:INFO: Epoch 1/10
2020-01-23 15:11:37,714:INFO: Loading the datasets...
2020-01-23 15:11:48,880:INFO: - done.
2020-01-23 15:11:51,909:INFO: Starting training for 10 epoch(s)
2020-01-23 15:11:51,911:INFO: Epoch 1/10
2020-01-23 15:12:53,411:INFO: Loading the datasets...
2020-01-23 15:13:04,688:INFO: - done.
2020-01-23 15:13:07,678:INFO: Starting training for 10 epoch(s)
2020-01-23 15:13:07,680:INFO: Epoch 1/10
2020-01-23 15:15:16,713:INFO: Loading the datasets...
2020-01-23 15:15:28,016:INFO: - done.
2020-01-23 15:15:32,289:INFO: Loading the datasets...
2020-01-23 15:15:46,252:INFO: - done.
2020-01-23 15:16:51,591:INFO: Starting training for 10 epoch(s)
2020-01-23 15:16:51,599:INFO: Epoch 1/10
2020-01-23 15:20:47,977:INFO: Loading the datasets...
2020-01-23 15:20:59,800:INFO: - done.
2020-01-23 15:20:59,812:INFO: Starting training for 10 epoch(s)
2020-01-23 15:20:59,812:INFO: Epoch 1/10
2020-01-23 15:22:15,934:INFO: Loading the datasets...
2020-01-23 15:22:27,421:INFO: - done.
2020-01-23 15:22:27,428:INFO: Starting training for 10 epoch(s)
2020-01-23 15:22:27,428:INFO: Epoch 1/10
2020-01-23 15:25:40,313:INFO: Loading the datasets...
2020-01-23 15:25:51,144:INFO: - done.
2020-01-23 15:25:51,150:INFO: Starting training for 10 epoch(s)
2020-01-23 15:25:51,150:INFO: Epoch 1/10
2020-01-23 15:29:23,608:INFO: Loading the datasets...
2020-01-23 15:29:34,325:INFO: - done.
2020-01-23 15:29:34,331:INFO: Starting training for 10 epoch(s)
2020-01-23 15:29:34,331:INFO: Epoch 1/10
2020-01-23 15:32:50,805:INFO: Loading the datasets...
2020-01-23 15:33:01,554:INFO: - done.
2020-01-23 15:33:01,560:INFO: Starting training for 10 epoch(s)
2020-01-23 15:33:01,560:INFO: Epoch 1/10
2020-01-23 15:35:05,676:INFO: Loading the datasets...
2020-01-23 15:35:16,450:INFO: - done.
2020-01-23 15:35:16,456:INFO: Starting training for 10 epoch(s)
2020-01-23 15:35:16,456:INFO: Epoch 1/10
2020-01-23 15:39:18,492:INFO: Loading the datasets...
2020-01-23 15:39:29,322:INFO: - done.
2020-01-23 15:39:29,328:INFO: Starting training for 10 epoch(s)
2020-01-23 15:39:29,328:INFO: Epoch 1/10
2020-01-23 15:40:46,179:INFO: Loading the datasets...
2020-01-23 15:40:57,013:INFO: - done.
2020-01-23 15:40:57,019:INFO: Starting training for 10 epoch(s)
2020-01-23 15:40:57,019:INFO: Epoch 1/10
2020-01-23 15:42:09,837:INFO: - Train metrics: accuracy: 1.157 ; loss: 0.585
2020-01-23 15:42:22,667:INFO: - Eval metrics : accuracy: 0.205 ; loss: 0.002
2020-01-23 15:42:22,727:INFO: - Found new best accuracy
2020-01-23 15:42:22,727:INFO: Epoch 2/10
2020-01-23 15:43:28,277:INFO: - Train metrics: accuracy: 0.177 ; loss: 0.001
2020-01-23 15:43:40,702:INFO: - Eval metrics : accuracy: 0.199 ; loss: 0.001
2020-01-23 15:43:40,738:INFO: Epoch 3/10
2020-01-23 15:54:25,138:INFO: Loading the datasets...
2020-01-23 15:54:37,038:INFO: - done.
2020-01-23 15:54:40,466:INFO: Starting training for 10 epoch(s)
2020-01-23 15:54:40,471:INFO: Epoch 1/10
2020-01-23 15:55:27,616:INFO: Loading the datasets...
2020-01-23 15:55:38,980:INFO: - done.
2020-01-23 15:55:42,331:INFO: Starting training for 10 epoch(s)
2020-01-23 15:55:42,333:INFO: Epoch 1/10
2020-01-23 15:56:03,087:INFO: - Train metrics: accuracy: 1.148 ; loss: 0.559
2020-01-23 15:56:05,961:INFO: - Eval metrics : accuracy: 0.202 ; loss: 0.001
2020-01-23 15:56:06,086:INFO: - Found new best accuracy
2020-01-23 15:56:06,097:INFO: Epoch 2/10
2020-01-23 15:57:18,292:INFO: Loading the datasets...
2020-01-23 15:57:29,909:INFO: - done.
2020-01-23 15:57:33,030:INFO: Starting training for 10 epoch(s)
2020-01-23 15:57:33,031:INFO: Epoch 1/10
2020-01-23 15:57:49,918:INFO: - Train metrics: accuracy: 1.785 ; loss: 0.587
2020-01-23 15:57:53,339:INFO: - Eval metrics : accuracy: 0.829 ; loss: 0.027
2020-01-23 15:57:53,431:INFO: - Found new best accuracy
2020-01-23 15:57:53,450:INFO: Epoch 2/10
2020-01-23 15:58:14,839:INFO: - Train metrics: accuracy: 0.830 ; loss: 0.028
2020-01-23 15:58:18,269:INFO: - Eval metrics : accuracy: 0.797 ; loss: 0.027
2020-01-23 15:58:18,312:INFO: Epoch 3/10
2020-01-23 15:58:48,704:INFO: - Train metrics: accuracy: 0.695 ; loss: 0.020
2020-01-23 15:58:52,331:INFO: - Eval metrics : accuracy: 0.805 ; loss: 0.028
2020-01-23 15:58:52,374:INFO: Epoch 4/10
2020-01-23 15:59:25,303:INFO: Loading the datasets...
2020-01-23 15:59:36,876:INFO: - done.
2020-01-23 15:59:40,068:INFO: Starting training for 10 epoch(s)
2020-01-23 15:59:40,070:INFO: Epoch 1/10
2020-01-23 16:00:35,225:INFO: Loading the datasets...
2020-01-23 16:00:49,196:INFO: - done.
2020-01-23 16:00:55,831:INFO: Starting training for 10 epoch(s)
2020-01-23 16:00:55,834:INFO: Epoch 1/10
2020-01-23 16:02:21,964:INFO: Loading the datasets...
2020-01-23 16:02:33,172:INFO: - done.
2020-01-23 16:02:35,894:INFO: Starting training for 10 epoch(s)
2020-01-23 16:02:35,895:INFO: Epoch 1/10
2020-01-23 16:05:49,276:INFO: Loading the datasets...
2020-01-23 16:06:01,511:INFO: - done.
2020-01-23 16:06:07,448:INFO: Starting training for 10 epoch(s)
2020-01-23 16:06:07,451:INFO: Epoch 1/10
2020-01-23 16:06:50,552:INFO: Loading the datasets...
2020-01-23 16:07:01,873:INFO: - done.
2020-01-23 16:07:04,721:INFO: Starting training for 10 epoch(s)
2020-01-23 16:07:04,722:INFO: Epoch 1/10
2020-01-23 16:09:21,564:INFO: Loading the datasets...
2020-01-23 16:09:33,487:INFO: - done.
2020-01-23 16:09:38,763:INFO: Starting training for 10 epoch(s)
2020-01-23 16:09:38,767:INFO: Epoch 1/10
2020-01-23 16:10:21,471:INFO: Loading the datasets...
2020-01-23 16:10:35,591:INFO: - done.
2020-01-23 16:10:41,656:INFO: Starting training for 10 epoch(s)
2020-01-23 16:10:41,659:INFO: Epoch 1/10
2020-01-23 16:13:04,783:INFO: Loading the datasets...
2020-01-23 16:13:16,210:INFO: - done.
2020-01-23 16:13:19,060:INFO: Starting training for 10 epoch(s)
2020-01-23 16:13:19,060:INFO: Epoch 1/10
2020-01-23 16:13:43,508:INFO: - Train metrics: accuracy: 1.143 ; loss: 0.559
2020-01-23 16:13:46,501:INFO: - Eval metrics : accuracy: 0.207 ; loss: 0.002
2020-01-23 16:13:46,565:INFO: - Found new best accuracy
2020-01-23 16:13:46,575:INFO: Epoch 2/10
2020-01-23 16:14:09,765:INFO: - Train metrics: accuracy: 0.173 ; loss: 0.001
2020-01-23 16:14:12,775:INFO: - Eval metrics : accuracy: 0.196 ; loss: 0.001
2020-01-23 16:14:12,819:INFO: Epoch 3/10
2020-01-23 16:14:35,365:INFO: - Train metrics: accuracy: 0.157 ; loss: 0.001
2020-01-23 16:14:38,366:INFO: - Eval metrics : accuracy: 0.195 ; loss: 0.001
2020-01-23 16:14:38,409:INFO: Epoch 4/10
2020-01-23 16:14:59,174:INFO: - Train metrics: accuracy: 0.165 ; loss: 0.001
2020-01-23 16:15:02,244:INFO: - Eval metrics : accuracy: 0.194 ; loss: 0.001
2020-01-23 16:15:02,285:INFO: Epoch 5/10
2020-01-23 16:15:25,905:INFO: - Train metrics: accuracy: 0.158 ; loss: 0.001
2020-01-23 16:15:55,734:INFO: Loading the datasets...
2020-01-23 16:16:06,710:INFO: - done.
2020-01-23 16:16:08,562:INFO: Starting training for 10 epoch(s)
2020-01-23 16:16:08,562:INFO: Epoch 1/10
2020-01-23 16:18:09,708:INFO: - Train metrics: accuracy: 1.765 ; loss: 0.589
2020-01-23 16:18:13,276:INFO: - Eval metrics : accuracy: 0.809 ; loss: 0.027
2020-01-23 16:18:13,345:INFO: - Found new best accuracy
2020-01-23 16:18:13,354:INFO: Epoch 2/10
2020-01-23 16:18:37,256:INFO: - Train metrics: accuracy: 0.833 ; loss: 0.029
2020-01-23 16:18:40,805:INFO: - Eval metrics : accuracy: 0.791 ; loss: 0.027
2020-01-23 16:18:40,846:INFO: Epoch 3/10
2020-01-23 16:19:51,817:INFO: - Train metrics: accuracy: 0.907 ; loss: 0.034
2020-01-23 16:19:56,328:INFO: - Eval metrics : accuracy: 0.821 ; loss: 0.028
2020-01-23 16:19:56,403:INFO: - Found new best accuracy
2020-01-23 16:19:56,403:INFO: Epoch 4/10
2020-01-23 16:20:39,365:INFO: - Train metrics: accuracy: 0.841 ; loss: 0.029
2020-01-23 16:20:43,348:INFO: - Eval metrics : accuracy: 0.830 ; loss: 0.028
2020-01-23 16:20:43,422:INFO: - Found new best accuracy
2020-01-23 16:20:43,422:INFO: Epoch 5/10
2020-01-23 16:21:01,231:INFO: - Train metrics: accuracy: 0.726 ; loss: 0.023
2020-01-23 16:21:05,478:INFO: - Eval metrics : accuracy: 0.799 ; loss: 0.027
2020-01-23 16:21:05,518:INFO: Epoch 6/10
2020-01-23 16:21:24,598:INFO: - Train metrics: accuracy: 0.842 ; loss: 0.028
2020-01-23 16:21:29,572:INFO: - Eval metrics : accuracy: 0.798 ; loss: 0.027
2020-01-23 16:21:29,617:INFO: Epoch 7/10
2020-01-23 16:21:55,015:INFO: - Train metrics: accuracy: 0.792 ; loss: 0.026
2020-01-23 16:21:58,921:INFO: - Eval metrics : accuracy: 0.821 ; loss: 0.028
2020-01-23 16:21:58,964:INFO: Epoch 8/10
2020-01-23 16:23:58,734:INFO: Loading the datasets...
2020-01-23 16:24:09,792:INFO: - done.
2020-01-23 16:24:11,522:INFO: Starting training for 10 epoch(s)
2020-01-23 16:24:11,522:INFO: Epoch 1/10
2020-01-23 16:24:34,292:INFO: Loading the datasets...
2020-01-23 16:24:45,434:INFO: - done.
2020-01-23 16:24:47,351:INFO: Starting training for 10 epoch(s)
2020-01-23 16:24:47,351:INFO: Epoch 1/10
2020-01-23 16:25:25,566:INFO: Loading the datasets...
2020-01-23 16:25:36,663:INFO: - done.
2020-01-23 16:25:38,391:INFO: Starting training for 10 epoch(s)
2020-01-23 16:25:38,391:INFO: Epoch 1/10
2020-01-23 16:27:44,528:INFO: Loading the datasets...
2020-01-23 16:27:55,917:INFO: - done.
2020-01-23 16:27:57,621:INFO: Starting training for 10 epoch(s)
2020-01-23 16:27:57,621:INFO: Epoch 1/10
2020-01-23 17:14:42,351:INFO: Loading the datasets...
2020-01-23 17:36:28,357:INFO: Loading the datasets...
2020-01-23 17:46:37,244:INFO: Loading the datasets...
2020-01-23 17:48:11,929:INFO: Loading the datasets...
2020-01-23 17:48:22,983:INFO: - done.
2020-01-23 17:48:27,035:INFO: Starting training for 10 epoch(s)
2020-01-23 17:48:27,040:INFO: Epoch 1/10
2020-01-23 17:49:13,240:INFO: Loading the datasets...
2020-01-23 17:49:24,417:INFO: - done.
2020-01-23 17:49:27,684:INFO: Starting training for 10 epoch(s)
2020-01-23 17:49:27,687:INFO: Epoch 1/10
2020-01-23 17:50:51,022:INFO: Loading the datasets...
2020-01-23 17:51:02,752:INFO: - done.
2020-01-23 17:51:06,138:INFO: Starting training for 10 epoch(s)
2020-01-23 17:51:06,139:INFO: Epoch 1/10
2020-01-23 17:51:34,320:INFO: Loading the datasets...
2020-01-23 17:51:45,581:INFO: - done.
2020-01-23 17:51:48,961:INFO: Starting training for 10 epoch(s)
2020-01-23 17:51:48,963:INFO: Epoch 1/10
2020-01-23 17:52:46,792:INFO: Loading the datasets...
2020-01-23 17:52:59,937:INFO: - done.
2020-01-23 17:53:06,073:INFO: Starting training for 10 epoch(s)
2020-01-23 17:53:06,073:INFO: Epoch 1/10
2020-01-23 17:53:40,969:INFO: Loading the datasets...
2020-01-23 17:53:52,147:INFO: - done.
2020-01-23 17:53:54,854:INFO: Starting training for 10 epoch(s)
2020-01-23 17:53:54,854:INFO: Epoch 1/10
2020-01-23 17:54:32,497:INFO: Loading the datasets...
2020-01-24 10:57:31,927:INFO: Loading the datasets...
2020-01-24 10:58:15,296:INFO: Loading the datasets...
2020-01-24 11:01:20,941:INFO: Loading the datasets...
2020-01-24 11:03:35,886:INFO: Loading the datasets...
2020-01-24 11:06:36,696:INFO: Loading the datasets...
2020-01-24 11:06:53,923:INFO: Loading the datasets...
2020-01-24 11:07:32,624:INFO: Loading the datasets...
2020-01-24 11:09:47,425:INFO: Loading the datasets...
2020-01-24 11:10:05,125:INFO: - done.
2020-01-24 11:10:08,555:INFO: Starting training for 20 epoch(s)
2020-01-24 11:10:08,558:INFO: Epoch 1/20
2020-01-24 11:11:10,592:INFO: Loading the datasets...
2020-01-24 11:11:27,541:INFO: - done.
2020-01-24 11:11:31,007:INFO: Starting training for 20 epoch(s)
2020-01-24 11:11:31,011:INFO: Epoch 1/20
2020-01-24 11:17:23,221:INFO: Loading the datasets...
2020-01-24 11:17:37,958:INFO: - done.
2020-01-24 11:17:40,875:INFO: Starting training for 20 epoch(s)
2020-01-24 11:17:40,878:INFO: Epoch 1/20
2020-01-24 11:17:50,050:INFO: - Train metrics: accuracy: 1.735 ; loss: 0.639
2020-01-24 11:17:50,388:INFO: - Eval metrics : accuracy: 0.779 ; loss: 0.026
2020-01-24 11:17:50,484:INFO: - Found new best accuracy
2020-01-24 11:17:50,491:INFO: Epoch 2/20
2020-01-24 11:22:06,562:INFO: Loading the datasets...
2020-01-24 11:22:23,044:INFO: - done.
2020-01-24 11:22:25,911:INFO: Starting training for 20 epoch(s)
2020-01-24 11:22:25,912:INFO: Epoch 1/20
2020-01-24 11:23:16,582:INFO: - Train metrics: accuracy: 1.927 ; loss: 0.675
2020-01-24 11:23:16,969:INFO: - Eval metrics : accuracy: 0.817 ; loss: 0.031
2020-01-24 11:23:17,047:INFO: - Found new best accuracy
2020-01-24 11:23:17,051:INFO: Epoch 2/20
2020-01-24 11:26:37,814:INFO: Loading the datasets...
2020-01-24 11:26:52,280:INFO: - done.
2020-01-24 11:26:55,376:INFO: Starting training for 20 epoch(s)
2020-01-24 11:26:55,376:INFO: Epoch 1/20
2020-01-24 11:27:34,778:INFO: Loading the datasets...
2020-01-24 11:27:48,375:INFO: - done.
2020-01-24 11:27:50,360:INFO: Starting training for 20 epoch(s)
2020-01-24 11:27:50,361:INFO: Epoch 1/20
2020-01-24 11:28:23,884:INFO: Loading the datasets...
2020-01-24 11:28:37,559:INFO: - done.
2020-01-24 11:28:39,506:INFO: Starting training for 20 epoch(s)
2020-01-24 11:28:39,507:INFO: Epoch 1/20
2020-01-24 11:28:57,010:INFO: - Train metrics: accuracy: 1.937 ; loss: 0.678
2020-01-24 11:28:57,424:INFO: - Eval metrics : accuracy: 0.814 ; loss: 0.026
2020-01-24 11:28:57,487:INFO: - Found new best accuracy
2020-01-24 11:28:57,493:INFO: Epoch 2/20
2020-01-24 11:58:46,642:INFO: Starting training for 20 epoch(s)
2020-01-24 11:58:46,642:INFO: Epoch 1/20
2020-01-24 11:58:46,642:INFO: Loading the datasets...
2020-01-24 11:59:55,006:INFO: - done.
2020-01-24 12:01:07,430:INFO: Starting training for 20 epoch(s)
2020-01-24 12:01:07,437:INFO: Loading the datasets...
2020-01-24 12:01:23,698:INFO: - done.
2020-01-24 12:01:23,700:INFO: Epoch 1/20
2020-01-24 12:01:58,391:INFO: Starting training for 20 epoch(s)
2020-01-24 12:01:58,391:INFO: Loading the datasets...
2020-01-24 12:02:14,620:INFO: - done.
2020-01-24 12:02:14,621:INFO: Epoch 1/20
2020-01-24 12:09:37,955:INFO: Starting training for 20 epoch(s)
2020-01-24 12:09:37,956:INFO: Loading the datasets...
2020-01-24 12:09:55,296:INFO: - done.
2020-01-24 12:09:55,297:INFO: Epoch 1/20
2020-01-24 12:10:44,292:INFO: Starting training for 20 epoch(s)
2020-01-24 12:10:44,293:INFO: Loading the datasets...
2020-01-24 12:10:59,243:INFO: - done.
2020-01-24 12:10:59,243:INFO: Epoch 1/20
2020-01-24 12:19:44,308:INFO: Starting training for 20 epoch(s)
2020-01-24 12:19:44,309:INFO: Loading the datasets...
2020-01-24 12:20:01,741:INFO: - done.
2020-01-24 12:20:01,743:INFO: Epoch 1/20
2020-01-24 12:20:15,397:INFO: - Train metrics: accuracy: 1.289 ; loss: 0.647
2020-01-24 12:20:15,838:INFO: - Eval metrics : accuracy: 0.214 ; loss: 0.002
2020-01-24 12:20:15,904:INFO: - Found new best accuracy
2020-01-24 12:20:15,911:INFO: Epoch 2/20
2020-01-24 12:20:29,685:INFO: - Train metrics: accuracy: 0.176 ; loss: 0.001
2020-01-24 12:20:30,111:INFO: - Eval metrics : accuracy: 0.213 ; loss: 0.002
2020-01-24 12:20:30,151:INFO: Epoch 3/20
2020-01-24 12:20:46,175:INFO: - Train metrics: accuracy: 0.155 ; loss: 0.001
2020-01-24 12:20:46,592:INFO: - Eval metrics : accuracy: 0.212 ; loss: 0.002
2020-01-24 12:20:46,631:INFO: Epoch 4/20
2020-01-24 12:21:04,415:INFO: - Train metrics: accuracy: 0.149 ; loss: 0.001
2020-01-24 12:21:04,841:INFO: - Eval metrics : accuracy: 0.211 ; loss: 0.002
2020-01-24 12:21:04,882:INFO: Epoch 5/20
2020-01-24 12:21:17,518:INFO: - Train metrics: accuracy: 0.150 ; loss: 0.001
2020-01-24 12:21:17,935:INFO: - Eval metrics : accuracy: 0.212 ; loss: 0.002
2020-01-24 12:21:17,974:INFO: Epoch 6/20
2020-01-24 12:21:34,917:INFO: - Train metrics: accuracy: 0.152 ; loss: 0.001
2020-01-24 12:21:35,333:INFO: - Eval metrics : accuracy: 0.212 ; loss: 0.002
2020-01-24 12:21:35,368:INFO: Epoch 7/20
2020-01-24 12:21:48,922:INFO: - Train metrics: accuracy: 0.151 ; loss: 0.001
2020-01-24 12:21:49,330:INFO: - Eval metrics : accuracy: 0.212 ; loss: 0.002
2020-01-24 12:21:49,371:INFO: Epoch 8/20
2020-01-24 12:22:01,201:INFO: - Train metrics: accuracy: 0.157 ; loss: 0.001
2020-01-24 12:22:01,615:INFO: - Eval metrics : accuracy: 0.211 ; loss: 0.002
2020-01-24 12:22:01,656:INFO: Epoch 9/20
2020-01-24 12:22:12,479:INFO: - Train metrics: accuracy: 0.152 ; loss: 0.001
2020-01-24 12:22:12,883:INFO: - Eval metrics : accuracy: 0.212 ; loss: 0.002
2020-01-24 12:22:12,922:INFO: Epoch 10/20
2020-01-24 12:22:23,284:INFO: - Train metrics: accuracy: 0.176 ; loss: 0.001
2020-01-24 12:22:23,713:INFO: - Eval metrics : accuracy: 0.213 ; loss: 0.002
2020-01-24 12:22:23,750:INFO: Epoch 11/20
2020-01-24 12:22:23,751:INFO: Loading the datasets with new augmentation...
2020-01-24 12:22:40,429:INFO: - done.
2020-01-24 12:22:53,522:INFO: - Train metrics: accuracy: 0.158 ; loss: 0.001
2020-01-24 12:22:54,014:INFO: - Eval metrics : accuracy: 0.208 ; loss: 0.002
2020-01-24 12:22:54,060:INFO: Epoch 12/20
2020-01-24 12:23:02,494:INFO: - Train metrics: accuracy: 0.180 ; loss: 0.001
2020-01-24 12:23:02,968:INFO: - Eval metrics : accuracy: 0.208 ; loss: 0.002
2020-01-24 12:23:02,984:INFO: Epoch 13/20
2020-01-24 12:23:12,318:INFO: - Train metrics: accuracy: 0.180 ; loss: 0.001
2020-01-24 12:23:12,788:INFO: - Eval metrics : accuracy: 0.208 ; loss: 0.002
2020-01-24 12:23:12,804:INFO: Epoch 14/20
2020-01-24 12:23:20,909:INFO: - Train metrics: accuracy: 0.180 ; loss: 0.001
2020-01-24 12:23:21,391:INFO: - Eval metrics : accuracy: 0.208 ; loss: 0.002
2020-01-24 12:23:21,404:INFO: Epoch 15/20
2020-01-24 12:23:29,674:INFO: - Train metrics: accuracy: 0.180 ; loss: 0.001
2020-01-24 12:23:30,167:INFO: - Eval metrics : accuracy: 0.208 ; loss: 0.002
2020-01-24 12:23:30,172:INFO: Epoch 16/20
2020-01-24 12:23:38,342:INFO: - Train metrics: accuracy: 0.180 ; loss: 0.001
2020-01-24 12:23:38,805:INFO: - Eval metrics : accuracy: 0.208 ; loss: 0.002
2020-01-24 12:23:38,820:INFO: Epoch 17/20
2020-01-24 12:23:46,670:INFO: - Train metrics: accuracy: 0.180 ; loss: 0.001
2020-01-24 12:23:47,154:INFO: - Eval metrics : accuracy: 0.208 ; loss: 0.002
2020-01-24 12:23:47,159:INFO: Epoch 18/20
2020-01-24 12:23:55,100:INFO: - Train metrics: accuracy: 0.180 ; loss: 0.001
2020-01-24 12:23:55,589:INFO: - Eval metrics : accuracy: 0.208 ; loss: 0.002
2020-01-24 12:23:55,602:INFO: Epoch 19/20
2020-01-24 12:24:03,463:INFO: - Train metrics: accuracy: 0.180 ; loss: 0.001
2020-01-24 12:24:03,950:INFO: - Eval metrics : accuracy: 0.208 ; loss: 0.002
2020-01-24 12:24:03,963:INFO: Epoch 20/20
2020-01-24 12:24:12,158:INFO: - Train metrics: accuracy: 0.180 ; loss: 0.001
2020-01-24 12:24:12,643:INFO: - Eval metrics : accuracy: 0.208 ; loss: 0.002
2020-01-24 12:32:13,333:INFO: Starting training for 20 epoch(s)
2020-01-24 12:32:13,335:INFO: Loading the datasets...
2020-01-24 12:32:31,510:INFO: - done.
2020-01-24 12:32:31,512:INFO: Epoch 1/20
2020-01-24 12:32:58,696:INFO: Starting training for 20 epoch(s)
2020-01-24 12:32:58,696:INFO: Loading the datasets...
2020-01-24 12:33:14,441:INFO: - done.
2020-01-24 12:33:14,450:INFO: Epoch 1/20
2020-01-24 12:35:19,089:INFO: Starting training for 20 epoch(s)
2020-01-24 12:35:19,089:INFO: Loading the datasets...
2020-01-24 12:35:59,560:INFO: - done.
2020-01-24 12:35:59,562:INFO: Epoch 1/20
2020-01-24 12:36:13,054:INFO: - Train metrics: accuracy: 1.656 ; loss: 0.663
2020-01-24 12:36:13,448:INFO: - Eval metrics : accuracy: 0.514 ; loss: 0.016
2020-01-24 12:36:13,549:INFO: - Found new best accuracy
2020-01-24 12:36:13,554:INFO: Epoch 2/20
2020-01-24 12:36:35,458:INFO: - Train metrics: accuracy: 0.482 ; loss: 0.012
2020-01-24 12:36:35,848:INFO: - Eval metrics : accuracy: 0.486 ; loss: 0.016
2020-01-24 12:36:35,886:INFO: Epoch 3/20
2020-01-24 12:36:49,190:INFO: - Train metrics: accuracy: 0.513 ; loss: 0.016
2020-01-24 12:36:49,593:INFO: - Eval metrics : accuracy: 0.524 ; loss: 0.015
2020-01-24 12:36:49,658:INFO: - Found new best accuracy
2020-01-24 12:36:49,667:INFO: Epoch 4/20
2020-01-24 12:37:25,468:INFO: - Train metrics: accuracy: 0.457 ; loss: 0.012
2020-01-24 12:37:25,856:INFO: - Eval metrics : accuracy: 0.428 ; loss: 0.011
2020-01-24 12:37:25,889:INFO: Epoch 5/20
2020-01-24 12:37:42,851:INFO: - Train metrics: accuracy: 0.447 ; loss: 0.014
2020-01-24 12:37:43,251:INFO: - Eval metrics : accuracy: 0.496 ; loss: 0.014
2020-01-24 12:37:43,292:INFO: Epoch 6/20
2020-01-24 12:38:00,637:INFO: - Train metrics: accuracy: 0.540 ; loss: 0.019
2020-01-24 12:38:01,032:INFO: - Eval metrics : accuracy: 0.546 ; loss: 0.017
2020-01-24 12:38:01,117:INFO: - Found new best accuracy
2020-01-24 12:38:01,118:INFO: Epoch 7/20
2020-01-24 12:38:13,056:INFO: - Train metrics: accuracy: 0.601 ; loss: 0.021
2020-01-24 12:38:13,439:INFO: - Eval metrics : accuracy: 0.512 ; loss: 0.016
2020-01-24 12:38:13,479:INFO: Epoch 8/20
2020-01-24 12:38:37,312:INFO: - Train metrics: accuracy: 0.753 ; loss: 0.030
2020-01-24 12:38:37,700:INFO: - Eval metrics : accuracy: 0.519 ; loss: 0.015
2020-01-24 12:38:37,739:INFO: Epoch 9/20
2020-01-24 12:38:49,234:INFO: - Train metrics: accuracy: 0.420 ; loss: 0.012
2020-01-24 12:38:49,631:INFO: - Eval metrics : accuracy: 0.513 ; loss: 0.017
2020-01-24 12:38:49,672:INFO: Epoch 10/20
2020-01-24 12:39:01,265:INFO: - Train metrics: accuracy: 0.413 ; loss: 0.012
2020-01-24 12:39:01,668:INFO: - Eval metrics : accuracy: 0.506 ; loss: 0.015
2020-01-24 12:39:01,701:INFO: Epoch 11/20
2020-01-24 12:39:01,701:INFO: Loading the datasets with new augmentation...
2020-01-24 12:39:27,727:INFO: - done.
2020-01-24 12:39:44,742:INFO: - Train metrics: accuracy: 1.011 ; loss: 0.039
2020-01-24 12:39:45,150:INFO: - Eval metrics : accuracy: 0.876 ; loss: 0.029
2020-01-24 12:39:45,220:INFO: - Found new best accuracy
2020-01-24 12:39:45,225:INFO: Epoch 12/20
2020-01-24 12:39:56,404:INFO: - Train metrics: accuracy: 0.955 ; loss: 0.035
2020-01-24 12:39:56,800:INFO: - Eval metrics : accuracy: 0.855 ; loss: 0.028
2020-01-24 12:39:56,813:INFO: Epoch 13/20
2020-01-24 12:40:28,839:INFO: Starting training for 20 epoch(s)
2020-01-24 12:40:28,839:INFO: Loading the datasets...
2020-01-24 12:40:47,015:INFO: - done.
2020-01-24 12:40:47,017:INFO: Epoch 1/20
2020-01-24 12:40:59,897:INFO: - Train metrics: accuracy: 1.276 ; loss: 0.646
2020-01-24 12:41:00,264:INFO: - Eval metrics : accuracy: 0.224 ; loss: 0.002
2020-01-24 12:41:00,350:INFO: - Found new best accuracy
2020-01-24 12:41:00,359:INFO: Epoch 2/20
2020-01-24 12:41:12,138:INFO: - Train metrics: accuracy: 0.172 ; loss: 0.001
2020-01-24 12:41:12,506:INFO: - Eval metrics : accuracy: 0.212 ; loss: 0.002
2020-01-24 12:41:12,538:INFO: Epoch 3/20
2020-01-24 12:41:26,440:INFO: - Train metrics: accuracy: 0.153 ; loss: 0.001
2020-01-24 12:41:26,814:INFO: - Eval metrics : accuracy: 0.212 ; loss: 0.002
2020-01-24 12:41:26,854:INFO: Epoch 4/20
2020-01-24 12:41:38,045:INFO: - Train metrics: accuracy: 0.151 ; loss: 0.001
2020-01-24 12:41:38,414:INFO: - Eval metrics : accuracy: 0.211 ; loss: 0.002
2020-01-24 12:41:38,454:INFO: Epoch 5/20
2020-01-24 12:41:49,104:INFO: - Train metrics: accuracy: 0.149 ; loss: 0.001
2020-01-24 12:41:49,480:INFO: - Eval metrics : accuracy: 0.212 ; loss: 0.002
2020-01-24 12:41:49,514:INFO: Epoch 6/20
2020-01-24 12:41:59,609:INFO: - Train metrics: accuracy: 0.151 ; loss: 0.001
2020-01-24 12:41:59,981:INFO: - Eval metrics : accuracy: 0.212 ; loss: 0.002
2020-01-24 12:42:00,016:INFO: Epoch 7/20
2020-01-24 12:42:09,912:INFO: - Train metrics: accuracy: 0.151 ; loss: 0.001
2020-01-24 12:42:10,280:INFO: - Eval metrics : accuracy: 0.212 ; loss: 0.002
2020-01-24 12:42:10,321:INFO: Epoch 8/20
2020-01-24 12:42:20,589:INFO: - Train metrics: accuracy: 0.152 ; loss: 0.001
2020-01-24 12:42:20,964:INFO: - Eval metrics : accuracy: 0.212 ; loss: 0.002
2020-01-24 12:42:21,003:INFO: Epoch 9/20
2020-01-24 12:44:53,235:INFO: Starting training for 20 epoch(s)
2020-01-24 12:44:53,235:INFO: Loading the datasets...
2020-01-24 12:45:09,813:INFO: - done.
2020-01-24 12:45:09,813:INFO: Epoch 1/20
2020-01-24 12:45:23,627:INFO: - Train metrics: accuracy: 9.479 ; loss: 3.829
2020-01-24 12:45:24,013:INFO: - Eval metrics : accuracy: 1.177 ; loss: 0.047
2020-01-24 12:45:24,082:INFO: - Found new best accuracy
2020-01-24 12:45:24,097:INFO: Epoch 2/20
2020-01-24 12:45:36,518:INFO: - Train metrics: accuracy: 3.995 ; loss: 0.592
2020-01-24 12:45:36,895:INFO: - Eval metrics : accuracy: 1.049 ; loss: 0.037
2020-01-24 12:45:36,928:INFO: Epoch 3/20
2020-01-24 12:45:48,615:INFO: - Train metrics: accuracy: 2.236 ; loss: 0.178
2020-01-24 12:45:48,999:INFO: - Eval metrics : accuracy: 1.044 ; loss: 0.037
2020-01-24 12:45:49,026:INFO: Epoch 4/20
2020-01-24 12:46:01,286:INFO: - Train metrics: accuracy: 1.645 ; loss: 0.099
2020-01-24 12:46:01,655:INFO: - Eval metrics : accuracy: 1.052 ; loss: 0.037
2020-01-24 12:46:01,687:INFO: Epoch 5/20
2020-01-24 12:46:15,885:INFO: - Train metrics: accuracy: 1.220 ; loss: 0.052
2020-01-24 12:46:16,277:INFO: - Eval metrics : accuracy: 1.050 ; loss: 0.037
2020-01-24 12:46:16,306:INFO: Epoch 6/20
2020-01-24 12:46:26,230:INFO: - Train metrics: accuracy: 1.134 ; loss: 0.045
2020-01-24 12:46:26,599:INFO: - Eval metrics : accuracy: 1.026 ; loss: 0.035
2020-01-24 12:46:26,633:INFO: Epoch 7/20
2020-01-24 12:46:43,177:INFO: - Train metrics: accuracy: 0.970 ; loss: 0.032
2020-01-24 12:46:43,547:INFO: - Eval metrics : accuracy: 1.002 ; loss: 0.034
2020-01-24 12:46:43,581:INFO: Epoch 8/20
2020-01-24 12:46:55,649:INFO: - Train metrics: accuracy: 0.910 ; loss: 0.028
2020-01-24 12:46:56,029:INFO: - Eval metrics : accuracy: 0.980 ; loss: 0.032
2020-01-24 12:46:56,063:INFO: Epoch 9/20
2020-01-24 12:47:06,326:INFO: - Train metrics: accuracy: 0.819 ; loss: 0.023
2020-01-24 12:47:06,696:INFO: - Eval metrics : accuracy: 0.961 ; loss: 0.031
2020-01-24 12:47:06,735:INFO: Epoch 10/20
2020-01-24 12:47:17,318:INFO: - Train metrics: accuracy: 0.853 ; loss: 0.025
2020-01-24 12:47:17,690:INFO: - Eval metrics : accuracy: 0.955 ; loss: 0.031
2020-01-24 12:47:17,731:INFO: Epoch 11/20
2020-01-24 12:47:17,731:INFO: Loading the datasets with new augmentation...
2020-01-24 12:47:33,137:INFO: - done.
2020-01-24 12:47:45,574:INFO: - Train metrics: accuracy: 1.084 ; loss: 0.042
2020-01-24 12:47:45,981:INFO: - Eval metrics : accuracy: 1.060 ; loss: 0.038
2020-01-24 12:47:46,030:INFO: Epoch 12/20
2020-01-24 12:47:56,804:INFO: - Train metrics: accuracy: 0.933 ; loss: 0.030
2020-01-24 12:47:57,219:INFO: - Eval metrics : accuracy: 1.035 ; loss: 0.036
2020-01-24 12:47:57,234:INFO: Epoch 13/20
2020-01-24 12:48:05,781:INFO: - Train metrics: accuracy: 1.006 ; loss: 0.035
2020-01-24 12:48:06,185:INFO: - Eval metrics : accuracy: 1.026 ; loss: 0.036
2020-01-24 12:48:06,202:INFO: Epoch 14/20
2020-01-24 12:48:13,463:INFO: - Train metrics: accuracy: 0.982 ; loss: 0.034
2020-01-24 12:48:13,873:INFO: - Eval metrics : accuracy: 1.012 ; loss: 0.035
2020-01-24 12:48:13,888:INFO: Epoch 15/20
2020-01-24 12:48:21,205:INFO: - Train metrics: accuracy: 0.835 ; loss: 0.025
2020-01-24 12:48:21,617:INFO: - Eval metrics : accuracy: 0.999 ; loss: 0.034
2020-01-24 12:48:21,633:INFO: Epoch 16/20
2020-01-24 12:48:29,220:INFO: - Train metrics: accuracy: 0.762 ; loss: 0.021
2020-01-24 12:48:29,637:INFO: - Eval metrics : accuracy: 1.008 ; loss: 0.035
2020-01-24 12:48:29,651:INFO: Epoch 17/20
2020-01-24 12:48:37,974:INFO: - Train metrics: accuracy: 0.920 ; loss: 0.031
2020-01-24 12:49:18,559:INFO: Starting training for 20 epoch(s)
2020-01-24 12:49:18,560:INFO: Loading the datasets...
2020-01-24 12:49:34,323:INFO: - done.
2020-01-24 12:49:34,324:INFO: Epoch 1/20
2020-01-24 12:49:46,675:INFO: - Train metrics: accuracy: 1.730 ; loss: 0.665
2020-01-24 12:49:47,038:INFO: - Eval metrics : accuracy: 0.795 ; loss: 0.021
2020-01-24 12:49:47,116:INFO: - Found new best accuracy
2020-01-24 12:49:47,125:INFO: Epoch 2/20
2020-01-24 12:50:00,150:INFO: - Train metrics: accuracy: 0.359 ; loss: 0.005
2020-01-24 12:50:00,516:INFO: - Eval metrics : accuracy: 0.567 ; loss: 0.011
2020-01-24 12:50:00,554:INFO: Epoch 3/20
2020-01-24 12:50:11,204:INFO: - Train metrics: accuracy: 0.277 ; loss: 0.003
2020-01-24 12:50:11,573:INFO: - Eval metrics : accuracy: 0.368 ; loss: 0.005
2020-01-24 12:50:11,613:INFO: Epoch 4/20
2020-01-24 12:50:23,915:INFO: - Train metrics: accuracy: 0.232 ; loss: 0.002
2020-01-24 12:50:24,303:INFO: - Eval metrics : accuracy: 0.234 ; loss: 0.002
2020-01-24 12:50:24,343:INFO: Epoch 5/20
2020-01-24 12:50:34,965:INFO: - Train metrics: accuracy: 0.185 ; loss: 0.001
2020-01-24 12:50:35,333:INFO: - Eval metrics : accuracy: 0.210 ; loss: 0.002
2020-01-24 12:50:35,373:INFO: Epoch 6/20
2020-01-24 12:50:45,765:INFO: - Train metrics: accuracy: 0.162 ; loss: 0.001
2020-01-24 12:50:46,142:INFO: - Eval metrics : accuracy: 0.208 ; loss: 0.002
2020-01-24 12:50:46,182:INFO: Epoch 7/20
2020-01-24 12:50:56,469:INFO: - Train metrics: accuracy: 0.161 ; loss: 0.001
2020-01-24 12:50:56,833:INFO: - Eval metrics : accuracy: 0.208 ; loss: 0.002
2020-01-24 12:50:56,873:INFO: Epoch 8/20
2020-01-24 12:51:07,209:INFO: - Train metrics: accuracy: 0.165 ; loss: 0.001
2020-01-24 12:51:07,575:INFO: - Eval metrics : accuracy: 0.210 ; loss: 0.002
2020-01-24 12:51:07,613:INFO: Epoch 9/20
2020-01-24 12:51:19,941:INFO: - Train metrics: accuracy: 0.156 ; loss: 0.001
2020-01-24 12:51:20,309:INFO: - Eval metrics : accuracy: 0.208 ; loss: 0.002
2020-01-24 12:51:20,350:INFO: Epoch 10/20
2020-01-24 12:51:31,403:INFO: - Train metrics: accuracy: 0.162 ; loss: 0.001
2020-01-24 12:51:31,797:INFO: - Eval metrics : accuracy: 0.210 ; loss: 0.002
2020-01-24 12:51:31,831:INFO: Epoch 11/20
2020-01-24 12:51:31,831:INFO: Loading the datasets with new augmentation...
2020-01-24 12:51:46,079:INFO: - done.
2020-01-24 12:51:59,183:INFO: - Train metrics: accuracy: 0.597 ; loss: 0.020
2020-01-24 12:51:59,799:INFO: - Eval metrics : accuracy: 0.866 ; loss: 0.032
2020-01-24 12:51:59,888:INFO: - Found new best accuracy
2020-01-24 12:51:59,892:INFO: Epoch 12/20
2020-01-24 12:52:13,342:INFO: - Train metrics: accuracy: 0.846 ; loss: 0.031
2020-01-24 12:52:13,785:INFO: - Eval metrics : accuracy: 0.845 ; loss: 0.029
2020-01-24 12:52:13,799:INFO: Epoch 13/20
2020-01-24 12:52:23,518:INFO: - Train metrics: accuracy: 0.989 ; loss: 0.037
2020-01-24 12:52:23,942:INFO: - Eval metrics : accuracy: 0.919 ; loss: 0.033
2020-01-24 12:52:23,970:INFO: - Found new best accuracy
2020-01-24 12:52:23,978:INFO: Epoch 14/20
2020-01-24 12:52:32,548:INFO: - Train metrics: accuracy: 0.998 ; loss: 0.037
2020-01-24 12:52:32,987:INFO: - Eval metrics : accuracy: 0.905 ; loss: 0.032
2020-01-24 12:52:33,000:INFO: Epoch 15/20
2020-01-24 12:52:41,971:INFO: - Train metrics: accuracy: 0.858 ; loss: 0.031
2020-01-24 12:52:42,388:INFO: - Eval metrics : accuracy: 0.849 ; loss: 0.028
2020-01-24 12:52:42,404:INFO: Epoch 16/20
2020-01-24 12:53:26,871:INFO: Starting training for 20 epoch(s)
2020-01-24 12:53:26,872:INFO: Loading the datasets...
2020-01-24 12:54:33,182:INFO: - done.
2020-01-24 12:54:33,186:INFO: Epoch 1/20
2020-01-24 12:54:46,634:INFO: - Train metrics: accuracy: 1.276 ; loss: 0.646
2020-01-24 12:54:47,008:INFO: - Eval metrics : accuracy: 0.225 ; loss: 0.002
2020-01-24 12:54:47,079:INFO: - Found new best accuracy
2020-01-24 12:54:47,084:INFO: Epoch 2/20
2020-01-24 12:54:57,146:INFO: - Train metrics: accuracy: 0.177 ; loss: 0.001
2020-01-24 12:54:57,535:INFO: - Eval metrics : accuracy: 0.213 ; loss: 0.002
2020-01-24 12:54:57,573:INFO: Epoch 3/20
2020-01-24 12:55:07,910:INFO: - Train metrics: accuracy: 0.152 ; loss: 0.001
2020-01-24 12:55:08,285:INFO: - Eval metrics : accuracy: 0.212 ; loss: 0.002
2020-01-24 12:55:08,323:INFO: Epoch 4/20
2020-01-24 12:55:19,926:INFO: - Train metrics: accuracy: 0.148 ; loss: 0.001
2020-01-24 12:55:20,304:INFO: - Eval metrics : accuracy: 0.213 ; loss: 0.002
2020-01-24 12:55:20,345:INFO: Epoch 5/20
2020-01-24 12:55:33,155:INFO: - Train metrics: accuracy: 0.147 ; loss: 0.001
2020-01-24 12:55:33,524:INFO: - Eval metrics : accuracy: 0.212 ; loss: 0.002
2020-01-24 12:55:33,565:INFO: Epoch 6/20
2020-01-24 12:55:45,587:INFO: - Train metrics: accuracy: 0.151 ; loss: 0.001
2020-01-24 12:55:45,956:INFO: - Eval metrics : accuracy: 0.212 ; loss: 0.002
2020-01-24 12:55:45,995:INFO: Epoch 7/20
2020-01-24 12:55:58,423:INFO: - Train metrics: accuracy: 0.152 ; loss: 0.001
2020-01-24 12:55:58,793:INFO: - Eval metrics : accuracy: 0.212 ; loss: 0.002
2020-01-24 12:55:58,834:INFO: Epoch 8/20
2020-01-24 12:56:08,390:INFO: - Train metrics: accuracy: 0.152 ; loss: 0.001
2020-01-24 12:56:08,756:INFO: - Eval metrics : accuracy: 0.212 ; loss: 0.002
2020-01-24 12:56:08,796:INFO: Epoch 9/20
2020-01-24 12:56:18,324:INFO: - Train metrics: accuracy: 0.152 ; loss: 0.001
2020-01-24 12:56:18,691:INFO: - Eval metrics : accuracy: 0.212 ; loss: 0.002
2020-01-24 12:56:18,732:INFO: Epoch 10/20
2020-01-24 12:56:28,355:INFO: - Train metrics: accuracy: 0.152 ; loss: 0.001
2020-01-24 12:56:28,727:INFO: - Eval metrics : accuracy: 0.212 ; loss: 0.002
2020-01-24 12:56:28,766:INFO: Epoch 11/20
2020-01-24 12:56:28,767:INFO: Loading the datasets with new augmentation...
2020-01-24 12:56:42,877:INFO: - done.
2020-01-24 12:56:55,959:INFO: - Train metrics: accuracy: 0.644 ; loss: 0.026
2020-01-24 12:56:56,344:INFO: - Eval metrics : accuracy: 0.559 ; loss: 0.018
2020-01-24 12:56:56,417:INFO: - Found new best accuracy
2020-01-24 12:56:56,421:INFO: Epoch 12/20
2020-01-24 12:57:04,692:INFO: - Train metrics: accuracy: 1.093 ; loss: 0.349
2020-01-24 12:57:05,097:INFO: - Eval metrics : accuracy: 0.513 ; loss: 0.015
2020-01-24 12:57:05,114:INFO: Epoch 13/20
2020-01-24 12:57:13,187:INFO: - Train metrics: accuracy: 0.425 ; loss: 0.010
2020-01-24 12:57:13,582:INFO: - Eval metrics : accuracy: 0.496 ; loss: 0.014
2020-01-24 12:57:13,597:INFO: Epoch 14/20
2020-01-24 12:57:20,257:INFO: - Train metrics: accuracy: 0.557 ; loss: 0.019
2020-01-24 12:57:20,636:INFO: - Eval metrics : accuracy: 0.473 ; loss: 0.013
2020-01-24 12:57:20,649:INFO: Epoch 15/20
2020-01-24 12:57:28,401:INFO: - Train metrics: accuracy: 0.474 ; loss: 0.012
2020-01-24 12:57:28,797:INFO: - Eval metrics : accuracy: 0.540 ; loss: 0.016
2020-01-24 12:57:28,814:INFO: Epoch 16/20
2020-01-24 12:57:38,145:INFO: - Train metrics: accuracy: 0.429 ; loss: 0.009
2020-01-24 12:57:38,536:INFO: - Eval metrics : accuracy: 0.521 ; loss: 0.015
2020-01-24 12:57:38,551:INFO: Epoch 17/20
2020-01-24 12:57:46,195:INFO: - Train metrics: accuracy: 0.369 ; loss: 0.007
2020-01-24 12:57:46,593:INFO: - Eval metrics : accuracy: 0.520 ; loss: 0.015
2020-01-24 12:57:46,608:INFO: Epoch 18/20
2020-01-24 12:57:54,563:INFO: - Train metrics: accuracy: 0.537 ; loss: 0.015
2020-01-24 12:57:54,957:INFO: - Eval metrics : accuracy: 0.556 ; loss: 0.017
2020-01-24 12:57:54,972:INFO: Epoch 19/20
2020-01-24 12:58:01,842:INFO: - Train metrics: accuracy: 0.366 ; loss: 0.006
2020-01-24 12:58:02,230:INFO: - Eval metrics : accuracy: 0.578 ; loss: 0.018
2020-01-24 12:58:02,251:INFO: - Found new best accuracy
2020-01-24 12:58:02,259:INFO: Epoch 20/20
2020-01-24 12:58:11,073:INFO: - Train metrics: accuracy: 0.535 ; loss: 0.015
2020-01-24 12:58:11,453:INFO: - Eval metrics : accuracy: 0.512 ; loss: 0.015
